#
# There is insufficient memory for the Java Runtime Environment to continue.
# Native memory allocation (malloc) failed to allocate 262176 bytes for Chunk::new
# Possible reasons:
#   The system is out of physical RAM or swap space
#   The process is running with CompressedOops enabled, and the Java Heap may be blocking the growth of the native heap
# Possible solutions:
#   Reduce memory load on the system
#   Increase physical memory or swap space
#   Check if swap backing store is full
#   Decrease Java heap size (-Xmx/-Xms)
#   Decrease number of Java threads
#   Decrease Java thread stack sizes (-Xss)
#   Set larger code cache with -XX:ReservedCodeCacheSize=
#   JVM is running with Unscaled Compressed Oops mode in which the Java heap is
#     placed in the first 4GB address space. The Java Heap base address is the
#     maximum limit for the native heap growth. Please use -XX:HeapBaseMinAddress
#     to set the Java Heap base and to place the Java Heap above 4GB virtual address.
# This output file may be truncated or incomplete.
#
#  Out of Memory Error (arena.cpp:184), pid=6140, tid=2548
#
# JRE version: Java(TM) SE Runtime Environment (20.0.1+9) (build 20.0.1+9-29)
# Java VM: Java HotSpot(TM) 64-Bit Server VM (20.0.1+9-29, mixed mode, sharing, tiered, compressed oops, compressed class ptrs, g1 gc, windows-amd64)
# No core dump will be written. Minidumps are not enabled by default on client versions of Windows
#

---------------  S U M M A R Y ------------

Command Line: -Xmx64m -Xms64m -Dorg.gradle.appname=gradlew org.gradle.wrapper.GradleWrapperMain lint

Host: 11th Gen Intel(R) Core(TM) i5-1135G7 @ 2.40GHz, 8 cores, 23G,  Windows 11 , 64 bit Build 22621 (10.0.22621.5124)
Time: Sat Apr  5 23:06:49 2025 SE Asia Standard Time elapsed time: 219.829883 seconds (0d 0h 3m 39s)

---------------  T H R E A D  ---------------

Current thread (0x0000011924ce5150):  JavaThread "C2 CompilerThread0" daemon [_thread_in_native, id=2548, stack(0x00000003bb000000,0x00000003bb100000)]


Current CompileTask:
C2: 219830 2119   !   4       org.gradle.internal.logging.sink.OutputEventTransformer::invokeListener (28 bytes)

Stack: [0x00000003bb000000,0x00000003bb100000]
Native frames: (J=compiled Java code, j=interpreted, Vv=VM code, C=native code)
V  [jvm.dll+0x6bb95a]
V  [jvm.dll+0x8485fa]
V  [jvm.dll+0x84a1f5]
V  [jvm.dll+0x84a8f3]
V  [jvm.dll+0x280b0f]
V  [jvm.dll+0xc2b11]
V  [jvm.dll+0xc2e35]
V  [jvm.dll+0x2f5dbf]
V  [jvm.dll+0x5e32eb]
V  [jvm.dll+0x2543b4]
V  [jvm.dll+0x24cb30]
V  [jvm.dll+0x24a549]
V  [jvm.dll+0x1ce491]
V  [jvm.dll+0x259e1b]
V  [jvm.dll+0x2584f0]
V  [jvm.dll+0x3f2895]
V  [jvm.dll+0x7f4b56]
V  [jvm.dll+0x6ba5cb]
C  [ucrtbase.dll+0x29333]
C  [KERNEL32.DLL+0x1259d]
C  [ntdll.dll+0x5af38]


---------------  P R O C E S S  ---------------

Threads class SMR info:
_java_thread_list=0x000001192a086770, length=12, elements={
0x0000011908eb26e0, 0x0000011924cd2090, 0x0000011924cd2e90, 0x0000011924cd7d90,
0x0000011924cd9a90, 0x0000011924cda570, 0x0000011924cdb180, 0x0000011924ce5150,
0x0000011924ce7c10, 0x000001192908be00, 0x0000011929097c00, 0x0000011929c184d0
}

Java Threads: ( => current thread )
  0x0000011908eb26e0 JavaThread "main" [_thread_in_native, id=11764, stack(0x00000003ba300000,0x00000003ba400000)]
  0x0000011924cd2090 JavaThread "Reference Handler" daemon [_thread_blocked, id=8648, stack(0x00000003baa00000,0x00000003bab00000)]
  0x0000011924cd2e90 JavaThread "Finalizer" daemon [_thread_blocked, id=5740, stack(0x00000003bab00000,0x00000003bac00000)]
  0x0000011924cd7d90 JavaThread "Signal Dispatcher" daemon [_thread_blocked, id=3476, stack(0x00000003bac00000,0x00000003bad00000)]
  0x0000011924cd9a90 JavaThread "Attach Listener" daemon [_thread_blocked, id=13020, stack(0x00000003bad00000,0x00000003bae00000)]
  0x0000011924cda570 JavaThread "Service Thread" daemon [_thread_blocked, id=13468, stack(0x00000003bae00000,0x00000003baf00000)]
  0x0000011924cdb180 JavaThread "Monitor Deflation Thread" daemon [_thread_blocked, id=15496, stack(0x00000003baf00000,0x00000003bb000000)]
=>0x0000011924ce5150 JavaThread "C2 CompilerThread0" daemon [_thread_in_native, id=2548, stack(0x00000003bb000000,0x00000003bb100000)]
  0x0000011924ce7c10 JavaThread "C1 CompilerThread0" daemon [_thread_blocked, id=16272, stack(0x00000003bb100000,0x00000003bb200000)]
  0x000001192908be00 JavaThread "Notification Thread" daemon [_thread_blocked, id=18088, stack(0x00000003bb200000,0x00000003bb300000)]
  0x0000011929097c00 JavaThread "Common-Cleaner" daemon [_thread_blocked, id=15764, stack(0x00000003bb400000,0x00000003bb500000)]
  0x0000011929c184d0 JavaThread "pool-1-thread-1" [_thread_blocked, id=16452, stack(0x00000003bba00000,0x00000003bbb00000)]

Other Threads:
  0x0000011908f664e0 VMThread "VM Thread" [stack: 0x00000003ba900000,0x00000003baa00000] [id=2812]
  0x0000011929096790 WatcherThread "VM Periodic Task Thread" [stack: 0x00000003bb300000,0x00000003bb400000] [id=3052]
  0x0000011908ed7dd0 WorkerThread "GC Thread#0" [stack: 0x00000003ba400000,0x00000003ba500000] [id=2656]
  0x0000011929717910 WorkerThread "GC Thread#1" [stack: 0x00000003bb700000,0x00000003bb800000] [id=12640]
  0x0000011929989020 WorkerThread "GC Thread#2" [stack: 0x00000003bb800000,0x00000003bb900000] [id=18212]
  0x0000011929988d50 WorkerThread "GC Thread#3" [stack: 0x00000003bb900000,0x00000003bba00000] [id=15600]
  0x00000119299892f0 WorkerThread "GC Thread#4" [stack: 0x00000003bb600000,0x00000003bb700000] [id=1592]
  0x0000011929987c70 WorkerThread "GC Thread#5" [stack: 0x00000003bbb00000,0x00000003bbc00000] [id=1928]
  0x00000119299876d0 WorkerThread "GC Thread#6" [stack: 0x00000003bbc00000,0x00000003bbd00000] [id=16812]
  0x0000011929987f40 WorkerThread "GC Thread#7" [stack: 0x00000003bbd00000,0x00000003bbe00000] [id=14104]
  0x0000011908ed93f0 ConcurrentGCThread "G1 Main Marker" [stack: 0x00000003ba500000,0x00000003ba600000] [id=16976]
  0x0000011908ed9d30 WorkerThread "G1 Conc#0" [stack: 0x00000003ba600000,0x00000003ba700000] [id=7956]
  0x0000011908f43c60 ConcurrentGCThread "G1 Refine#0" [stack: 0x00000003ba700000,0x00000003ba800000] [id=8320]
  0x0000011908f44620 ConcurrentGCThread "G1 Service" [stack: 0x00000003ba800000,0x00000003ba900000] [id=11736]

Threads with active compile tasks:
C2 CompilerThread0   219866 2119   !   4       org.gradle.internal.logging.sink.OutputEventTransformer::invokeListener (28 bytes)

VM state: not at safepoint (normal execution)

VM Mutex/Monitor currently owned by a thread: None

Heap address: 0x00000000fc000000, size: 64 MB, Compressed Oops mode: 32-bit

CDS archive(s) mapped at: [0x0000000800000000-0x0000000800c60000-0x0000000800c60000), size 12976128, SharedBaseAddress: 0x0000000800000000, ArchiveRelocationMode: 0.
Compressed class space mapped at: 0x0000000801000000-0x0000000841000000, reserved size: 1073741824
Narrow klass base: 0x0000000800000000, Narrow klass shift: 0, Narrow klass range: 0x100000000

GC Precious Log:
 CardTable entry size: 512
 Card Set container configuration: InlinePtr #cards 5 size 8 Array Of Cards #cards 12 size 40 Howl #buckets 4 coarsen threshold 1843 Howl Bitmap #cards 512 size 80 coarsen threshold 460 Card regions per heap region 1 cards per card region 2048
 CPUs: 8 total, 8 available
 Memory: 24270M
 Large Page Support: Disabled
 NUMA Support: Disabled
 Compressed Oops: Enabled (32-bit)
 Heap Region Size: 1M
 Heap Min Capacity: 64M
 Heap Initial Capacity: 64M
 Heap Max Capacity: 64M
 Pre-touch: Disabled
 Parallel Workers: 8
 Concurrent Workers: 2
 Concurrent Refinement Workers: 8
 Periodic GC: Disabled

Heap:
 garbage-first heap   total 65536K, used 20385K [0x00000000fc000000, 0x0000000100000000)
  region size 1024K, 13 young (13312K), 5 survivors (5120K)
 Metaspace       used 10444K, committed 10688K, reserved 1114112K
  class space    used 1341K, committed 1472K, reserved 1048576K

Heap Regions: E=young(eden), S=young(survivor), O=old, HS=humongous(starts), HC=humongous(continues), CS=collection set, F=free, OA=open archive, CA=closed archive, TAMS=top-at-mark-start, PB=parsable bottom
|   0|0x00000000fc000000, 0x00000000fc100000, 0x00000000fc100000|100%| O|  |TAMS 0x00000000fc000000| PB 0x00000000fc000000| Untracked 
|   1|0x00000000fc100000, 0x00000000fc200000, 0x00000000fc200000|100%| O|  |TAMS 0x00000000fc100000| PB 0x00000000fc100000| Untracked 
|   2|0x00000000fc200000, 0x00000000fc300000, 0x00000000fc300000|100%|HS|  |TAMS 0x00000000fc200000| PB 0x00000000fc200000| Complete 
|   3|0x00000000fc300000, 0x00000000fc400000, 0x00000000fc400000|100%|HC|  |TAMS 0x00000000fc300000| PB 0x00000000fc300000| Complete 
|   4|0x00000000fc400000, 0x00000000fc500000, 0x00000000fc500000|100%|HC|  |TAMS 0x00000000fc400000| PB 0x00000000fc400000| Complete 
|   5|0x00000000fc500000, 0x00000000fc600000, 0x00000000fc600000|100%|HC|  |TAMS 0x00000000fc500000| PB 0x00000000fc500000| Complete 
|   6|0x00000000fc600000, 0x00000000fc700000, 0x00000000fc700000|100%| O|  |TAMS 0x00000000fc600000| PB 0x00000000fc600000| Untracked 
|   7|0x00000000fc700000, 0x00000000fc800000, 0x00000000fc800000|100%| O|  |TAMS 0x00000000fc700000| PB 0x00000000fc700000| Untracked 
|   8|0x00000000fc800000, 0x00000000fc87f200, 0x00000000fc900000| 49%| O|  |TAMS 0x00000000fc800000| PB 0x00000000fc800000| Untracked 
|   9|0x00000000fc900000, 0x00000000fc900000, 0x00000000fca00000|  0%| F|  |TAMS 0x00000000fc900000| PB 0x00000000fc900000| Untracked 
|  10|0x00000000fca00000, 0x00000000fca00000, 0x00000000fcb00000|  0%| F|  |TAMS 0x00000000fca00000| PB 0x00000000fca00000| Untracked 
|  11|0x00000000fcb00000, 0x00000000fcb00000, 0x00000000fcc00000|  0%| F|  |TAMS 0x00000000fcb00000| PB 0x00000000fcb00000| Untracked 
|  12|0x00000000fcc00000, 0x00000000fcc00000, 0x00000000fcd00000|  0%| F|  |TAMS 0x00000000fcc00000| PB 0x00000000fcc00000| Untracked 
|  13|0x00000000fcd00000, 0x00000000fcd00000, 0x00000000fce00000|  0%| F|  |TAMS 0x00000000fcd00000| PB 0x00000000fcd00000| Untracked 
|  14|0x00000000fce00000, 0x00000000fce00000, 0x00000000fcf00000|  0%| F|  |TAMS 0x00000000fce00000| PB 0x00000000fce00000| Untracked 
|  15|0x00000000fcf00000, 0x00000000fcf00000, 0x00000000fd000000|  0%| F|  |TAMS 0x00000000fcf00000| PB 0x00000000fcf00000| Untracked 
|  16|0x00000000fd000000, 0x00000000fd000000, 0x00000000fd100000|  0%| F|  |TAMS 0x00000000fd000000| PB 0x00000000fd000000| Untracked 
|  17|0x00000000fd100000, 0x00000000fd100000, 0x00000000fd200000|  0%| F|  |TAMS 0x00000000fd100000| PB 0x00000000fd100000| Untracked 
|  18|0x00000000fd200000, 0x00000000fd200000, 0x00000000fd300000|  0%| F|  |TAMS 0x00000000fd200000| PB 0x00000000fd200000| Untracked 
|  19|0x00000000fd300000, 0x00000000fd300000, 0x00000000fd400000|  0%| F|  |TAMS 0x00000000fd300000| PB 0x00000000fd300000| Untracked 
|  20|0x00000000fd400000, 0x00000000fd400000, 0x00000000fd500000|  0%| F|  |TAMS 0x00000000fd400000| PB 0x00000000fd400000| Untracked 
|  21|0x00000000fd500000, 0x00000000fd500000, 0x00000000fd600000|  0%| F|  |TAMS 0x00000000fd500000| PB 0x00000000fd500000| Untracked 
|  22|0x00000000fd600000, 0x00000000fd600000, 0x00000000fd700000|  0%| F|  |TAMS 0x00000000fd600000| PB 0x00000000fd600000| Untracked 
|  23|0x00000000fd700000, 0x00000000fd700000, 0x00000000fd800000|  0%| F|  |TAMS 0x00000000fd700000| PB 0x00000000fd700000| Untracked 
|  24|0x00000000fd800000, 0x00000000fd800000, 0x00000000fd900000|  0%| F|  |TAMS 0x00000000fd800000| PB 0x00000000fd800000| Untracked 
|  25|0x00000000fd900000, 0x00000000fd900000, 0x00000000fda00000|  0%| F|  |TAMS 0x00000000fd900000| PB 0x00000000fd900000| Untracked 
|  26|0x00000000fda00000, 0x00000000fda694d8, 0x00000000fdb00000| 41%| S|CS|TAMS 0x00000000fda00000| PB 0x00000000fda00000| Complete 
|  27|0x00000000fdb00000, 0x00000000fdc00000, 0x00000000fdc00000|100%| S|CS|TAMS 0x00000000fdb00000| PB 0x00000000fdb00000| Complete 
|  28|0x00000000fdc00000, 0x00000000fdd00000, 0x00000000fdd00000|100%| S|CS|TAMS 0x00000000fdc00000| PB 0x00000000fdc00000| Complete 
|  29|0x00000000fdd00000, 0x00000000fde00000, 0x00000000fde00000|100%| S|CS|TAMS 0x00000000fdd00000| PB 0x00000000fdd00000| Complete 
|  30|0x00000000fde00000, 0x00000000fdf00000, 0x00000000fdf00000|100%| S|CS|TAMS 0x00000000fde00000| PB 0x00000000fde00000| Complete 
|  31|0x00000000fdf00000, 0x00000000fdf00000, 0x00000000fe000000|  0%| F|  |TAMS 0x00000000fdf00000| PB 0x00000000fdf00000| Untracked 
|  32|0x00000000fe000000, 0x00000000fe000000, 0x00000000fe100000|  0%| F|  |TAMS 0x00000000fe000000| PB 0x00000000fe000000| Untracked 
|  33|0x00000000fe100000, 0x00000000fe100000, 0x00000000fe200000|  0%| F|  |TAMS 0x00000000fe100000| PB 0x00000000fe100000| Untracked 
|  34|0x00000000fe200000, 0x00000000fe200000, 0x00000000fe300000|  0%| F|  |TAMS 0x00000000fe200000| PB 0x00000000fe200000| Untracked 
|  35|0x00000000fe300000, 0x00000000fe300000, 0x00000000fe400000|  0%| F|  |TAMS 0x00000000fe300000| PB 0x00000000fe300000| Untracked 
|  36|0x00000000fe400000, 0x00000000fe400000, 0x00000000fe500000|  0%| F|  |TAMS 0x00000000fe400000| PB 0x00000000fe400000| Untracked 
|  37|0x00000000fe500000, 0x00000000fe500000, 0x00000000fe600000|  0%| F|  |TAMS 0x00000000fe500000| PB 0x00000000fe500000| Untracked 
|  38|0x00000000fe600000, 0x00000000fe600000, 0x00000000fe700000|  0%| F|  |TAMS 0x00000000fe600000| PB 0x00000000fe600000| Untracked 
|  39|0x00000000fe700000, 0x00000000fe700000, 0x00000000fe800000|  0%| F|  |TAMS 0x00000000fe700000| PB 0x00000000fe700000| Untracked 
|  40|0x00000000fe800000, 0x00000000fe800000, 0x00000000fe900000|  0%| F|  |TAMS 0x00000000fe800000| PB 0x00000000fe800000| Untracked 
|  41|0x00000000fe900000, 0x00000000fe900000, 0x00000000fea00000|  0%| F|  |TAMS 0x00000000fe900000| PB 0x00000000fe900000| Untracked 
|  42|0x00000000fea00000, 0x00000000fea00000, 0x00000000feb00000|  0%| F|  |TAMS 0x00000000fea00000| PB 0x00000000fea00000| Untracked 
|  43|0x00000000feb00000, 0x00000000feb00000, 0x00000000fec00000|  0%| F|  |TAMS 0x00000000feb00000| PB 0x00000000feb00000| Untracked 
|  44|0x00000000fec00000, 0x00000000fec00000, 0x00000000fed00000|  0%| F|  |TAMS 0x00000000fec00000| PB 0x00000000fec00000| Untracked 
|  45|0x00000000fed00000, 0x00000000fed00000, 0x00000000fee00000|  0%| F|  |TAMS 0x00000000fed00000| PB 0x00000000fed00000| Untracked 
|  46|0x00000000fee00000, 0x00000000fee00000, 0x00000000fef00000|  0%| F|  |TAMS 0x00000000fee00000| PB 0x00000000fee00000| Untracked 
|  47|0x00000000fef00000, 0x00000000fef00000, 0x00000000ff000000|  0%| F|  |TAMS 0x00000000fef00000| PB 0x00000000fef00000| Untracked 
|  48|0x00000000ff000000, 0x00000000ff000000, 0x00000000ff100000|  0%| F|  |TAMS 0x00000000ff000000| PB 0x00000000ff000000| Untracked 
|  49|0x00000000ff100000, 0x00000000ff100000, 0x00000000ff200000|  0%| F|  |TAMS 0x00000000ff100000| PB 0x00000000ff100000| Untracked 
|  50|0x00000000ff200000, 0x00000000ff200000, 0x00000000ff300000|  0%| F|  |TAMS 0x00000000ff200000| PB 0x00000000ff200000| Untracked 
|  51|0x00000000ff300000, 0x00000000ff300000, 0x00000000ff400000|  0%| F|  |TAMS 0x00000000ff300000| PB 0x00000000ff300000| Untracked 
|  52|0x00000000ff400000, 0x00000000ff400000, 0x00000000ff500000|  0%| F|  |TAMS 0x00000000ff400000| PB 0x00000000ff400000| Untracked 
|  53|0x00000000ff500000, 0x00000000ff500000, 0x00000000ff600000|  0%| F|  |TAMS 0x00000000ff500000| PB 0x00000000ff500000| Untracked 
|  54|0x00000000ff600000, 0x00000000ff600000, 0x00000000ff700000|  0%| F|  |TAMS 0x00000000ff600000| PB 0x00000000ff600000| Untracked 
|  55|0x00000000ff700000, 0x00000000ff700000, 0x00000000ff800000|  0%| F|  |TAMS 0x00000000ff700000| PB 0x00000000ff700000| Untracked 
|  56|0x00000000ff800000, 0x00000000ff8e9a18, 0x00000000ff900000| 91%| E|  |TAMS 0x00000000ff800000| PB 0x00000000ff800000| Complete 
|  57|0x00000000ff900000, 0x00000000ffa00000, 0x00000000ffa00000|100%| E|CS|TAMS 0x00000000ff900000| PB 0x00000000ff900000| Complete 
|  58|0x00000000ffa00000, 0x00000000ffb00000, 0x00000000ffb00000|100%| E|CS|TAMS 0x00000000ffa00000| PB 0x00000000ffa00000| Complete 
|  59|0x00000000ffb00000, 0x00000000ffc00000, 0x00000000ffc00000|100%| E|CS|TAMS 0x00000000ffb00000| PB 0x00000000ffb00000| Complete 
|  60|0x00000000ffc00000, 0x00000000ffd00000, 0x00000000ffd00000|100%| E|CS|TAMS 0x00000000ffc00000| PB 0x00000000ffc00000| Complete 
|  61|0x00000000ffd00000, 0x00000000ffe00000, 0x00000000ffe00000|100%| E|CS|TAMS 0x00000000ffd00000| PB 0x00000000ffd00000| Complete 
|  62|0x00000000ffe00000, 0x00000000fff00000, 0x00000000fff00000|100%| E|CS|TAMS 0x00000000ffe00000| PB 0x00000000ffe00000| Complete 
|  63|0x00000000fff00000, 0x0000000100000000, 0x0000000100000000|100%| E|CS|TAMS 0x00000000fff00000| PB 0x00000000fff00000| Complete 

Card table byte_map: [0x00000119221d0000,0x00000119221f0000] _byte_map_base: 0x00000119219f0000

Marking Bits: (CMBitMap*) 0x0000011908ed8310
 Bits: [0x0000011922210000, 0x0000011922310000)

Polling page: 0x0000011908f70000

Metaspace:

Usage:
  Non-class:      8.89 MB used.
      Class:      1.31 MB used.
       Both:     10.20 MB used.

Virtual space:
  Non-class space:       64.00 MB reserved,       9.00 MB ( 14%) committed,  1 nodes.
      Class space:        1.00 GB reserved,       1.44 MB ( <1%) committed,  1 nodes.
             Both:        1.06 GB reserved,      10.44 MB ( <1%) committed. 

Chunk freelists:
   Non-Class:  2.94 MB
       Class:  2.44 MB
        Both:  5.39 MB

MaxMetaspaceSize: unlimited
CompressedClassSpaceSize: 1.00 GB
Initial GC threshold: 21.00 MB
Current GC threshold: 21.00 MB
CDS: on
MetaspaceReclaimPolicy: balanced
 - commit_granule_bytes: 65536.
 - commit_granule_words: 8192.
 - virtual_space_node_default_size: 8388608.
 - enlarge_chunks_in_place: 1.
 - new_chunks_are_fully_committed: 0.
 - uncommit_free_chunks: 1.
 - use_allocation_guard: 0.


Internal statistics:

num_allocs_failed_limit: 0.
num_arena_births: 252.
num_arena_deaths: 0.
num_vsnodes_births: 2.
num_vsnodes_deaths: 0.
num_space_committed: 167.
num_space_uncommitted: 0.
num_chunks_returned_to_freelist: 0.
num_chunks_taken_from_freelist: 551.
num_chunk_merges: 0.
num_chunk_splits: 360.
num_chunks_enlarged: 273.
num_inconsistent_stats: 0.

CodeHeap 'non-profiled nmethods': size=120000Kb used=915Kb max_used=915Kb free=119084Kb
 bounds [0x000001191a200000, 0x000001191a470000, 0x0000011921730000]
CodeHeap 'profiled nmethods': size=120000Kb used=3988Kb max_used=3988Kb free=116011Kb
 bounds [0x0000011912730000, 0x0000011912b20000, 0x0000011919c60000]
CodeHeap 'non-nmethods': size=5760Kb used=1568Kb max_used=1600Kb free=4191Kb
 bounds [0x0000011919c60000, 0x0000011919ed0000, 0x000001191a200000]
 total_blobs=2609 nmethods=2118 adapters=401
 compilation: enabled
              stopped_count=0, restarted_count=0
 full_count=0

Compilation events (20 events):
Event: 181.386 Thread 0x0000011924ce5150 nmethod 2109 0x000001191a2d7b10 code [0x000001191a2d81c0, 0x000001191a2db908]
Event: 181.387 Thread 0x0000011924ce5150 2111       4       java.lang.invoke.DirectMethodHandle$Interface::checkReceiver (82 bytes)
Event: 181.388 Thread 0x0000011924ce5150 nmethod 2111 0x000001191a2e0890 code [0x000001191a2e0a00, 0x000001191a2e0b30]
Event: 181.388 Thread 0x0000011924ce5150 2112       4       org.gradle.internal.logging.sink.OutputEventListenerManager$1::onOutput (33 bytes)
Event: 181.392 Thread 0x0000011924ce5150 nmethod 2112 0x000001191a2e0c90 code [0x000001191a2e0e40, 0x000001191a2e10b8]
Event: 181.392 Thread 0x0000011924ce5150 2110       4       java.lang.invoke.LambdaForm$MH/0x000000080118c000::invoke (64 bytes)
Event: 181.401 Thread 0x0000011924ce5150 nmethod 2110 0x000001191a2e1410 code [0x000001191a2e15c0, 0x000001191a2e1d98]
Event: 184.603 Thread 0x0000011924ce5150 2113       4       org.gradle.internal.logging.console.MultiLineBuildProgressArea::redraw (203 bytes)
Event: 184.654 Thread 0x0000011924ce5150 nmethod 2113 0x000001191a2e2310 code [0x000001191a2e25c0, 0x000001191a2e3418]
Event: 186.402 Thread 0x0000011924ce7c10 2114       3       com.google.common.base.Preconditions::checkPositionIndex (8 bytes)
Event: 186.402 Thread 0x0000011924ce7c10 nmethod 2114 0x0000011912b13d90 code [0x0000011912b13f20, 0x0000011912b14040]
Event: 186.402 Thread 0x0000011924ce7c10 2115       3       com.google.common.base.Preconditions::checkPositionIndex (25 bytes)
Event: 186.403 Thread 0x0000011924ce7c10 nmethod 2115 0x0000011912b14110 code [0x0000011912b142c0, 0x0000011912b14528]
Event: 207.810 Thread 0x0000011924ce7c10 2116       3       org.gradle.internal.logging.sink.GroupingProgressLogEventGenerator$OperationGroup::shouldPrintHeader (37 bytes)
Event: 207.810 Thread 0x0000011924ce7c10 nmethod 2116 0x0000011912b14690 code [0x0000011912b14840, 0x0000011912b14b78]
Event: 213.414 Thread 0x0000011924ce7c10 2117       3       java.util.Collections::addAll (43 bytes)
Event: 213.415 Thread 0x0000011924ce7c10 nmethod 2117 0x0000011912b14c90 code [0x0000011912b14e40, 0x0000011912b150f0]
Event: 217.902 Thread 0x0000011924ce5150 2118       4       com.google.common.collect.AbstractIterator::hasNext (65 bytes)
Event: 217.931 Thread 0x0000011924ce5150 nmethod 2118 0x000001191a2e4290 code [0x000001191a2e4440, 0x000001191a2e4c60]
Event: 219.812 Thread 0x0000011924ce5150 2119   !   4       org.gradle.internal.logging.sink.OutputEventTransformer::invokeListener (28 bytes)

GC Heap History (4 events):
Event: 0.353 GC heap before
{Heap before GC invocations=0 (full 0):
 garbage-first heap   total 65536K, used 22528K [0x00000000fc000000, 0x0000000100000000)
  region size 1024K, 23 young (23552K), 0 survivors (0K)
 Metaspace       used 1817K, committed 1984K, reserved 1114112K
  class space    used 163K, committed 256K, reserved 1048576K
}
Event: 0.358 GC heap after
{Heap after GC invocations=1 (full 0):
 garbage-first heap   total 65536K, used 4224K [0x00000000fc000000, 0x0000000100000000)
  region size 1024K, 3 young (3072K), 3 survivors (3072K)
 Metaspace       used 1817K, committed 1984K, reserved 1114112K
  class space    used 163K, committed 256K, reserved 1048576K
}
Event: 14.602 GC heap before
{Heap before GC invocations=1 (full 0):
 garbage-first heap   total 65536K, used 38016K [0x00000000fc000000, 0x0000000100000000)
  region size 1024K, 33 young (33792K), 3 survivors (3072K)
 Metaspace       used 9819K, committed 10112K, reserved 1114112K
  class space    used 1307K, committed 1408K, reserved 1048576K
}
Event: 14.610 GC heap after
{Heap after GC invocations=2 (full 0):
 garbage-first heap   total 65536K, used 13217K [0x00000000fc000000, 0x0000000100000000)
  region size 1024K, 5 young (5120K), 5 survivors (5120K)
 Metaspace       used 9819K, committed 10112K, reserved 1114112K
  class space    used 1307K, committed 1408K, reserved 1048576K
}

Dll operation events (13 events):
Event: 0.006 Loaded shared library C:\Program Files\Java\jdk-20\bin\java.dll
Event: 0.014 Loaded shared library C:\Program Files\Java\jdk-20\bin\jsvml.dll
Event: 0.039 Loaded shared library C:\Program Files\Java\jdk-20\bin\net.dll
Event: 0.041 Loaded shared library C:\Program Files\Java\jdk-20\bin\nio.dll
Event: 0.044 Loaded shared library C:\Program Files\Java\jdk-20\bin\zip.dll
Event: 0.271 Loaded shared library C:\Program Files\Java\jdk-20\bin\jimage.dll
Event: 0.527 Loaded shared library C:\Program Files\Java\jdk-20\bin\verify.dll
Event: 0.656 Loaded shared library C:\Users\Asus\.gradle\native\c067742578af261105cb4f569cf0c3c89f3d7b1fecec35dd04571415982c5e48\windows-amd64\native-platform.dll
Event: 0.676 Loaded shared library C:\Users\Asus\.gradle\native\jansi\1.18\windows64\jansi.dll
Event: 0.842 Loaded shared library C:\Program Files\Java\jdk-20\bin\management.dll
Event: 0.845 Loaded shared library C:\Program Files\Java\jdk-20\bin\management_ext.dll
Event: 1.224 Loaded shared library C:\Program Files\Java\jdk-20\bin\extnet.dll
Event: 1.273 Loaded shared library C:\Program Files\Java\jdk-20\bin\sunmscapi.dll

Deoptimization events (20 events):
Event: 166.206 Thread 0x0000011929c184d0 Uncommon trap: trap_request=0xffffff45 fr.pc=0x000001191a2b720c relative=0x000000000000008c
Event: 166.206 Thread 0x0000011929c184d0 Uncommon trap: reason=unstable_if action=reinterpret pc=0x000001191a2b720c method=org.gradle.internal.operations.OperationIdentifier.equals(Ljava/lang/Object;)Z @ 2 c2
Event: 166.206 Thread 0x0000011929c184d0 DEOPT PACKING pc=0x000001191a2b720c sp=0x00000003bbafead0
Event: 166.206 Thread 0x0000011929c184d0 DEOPT UNPACKING pc=0x0000011919c7d2a2 sp=0x00000003bbafea60 mode 2
Event: 219.811 Thread 0x0000011908eb26e0 Uncommon trap: trap_request=0xffffffde fr.pc=0x000001191a2dabb4 relative=0x00000000000029f4
Event: 219.811 Thread 0x0000011908eb26e0 Uncommon trap: reason=class_check action=maybe_recompile pc=0x000001191a2dabb4 method=org.gradle.internal.logging.sink.OutputEventTransformer.onOutput(Lorg/gradle/internal/logging/events/OutputEvent;)V @ 308 c2
Event: 219.811 Thread 0x0000011908eb26e0 DEOPT PACKING pc=0x000001191a2dabb4 sp=0x00000003ba3fe480
Event: 219.811 Thread 0x0000011908eb26e0 DEOPT UNPACKING pc=0x0000011919c7d2a2 sp=0x00000003ba3fe478 mode 2
Event: 219.811 Thread 0x0000011908eb26e0 Uncommon trap: trap_request=0xffffffde fr.pc=0x000001191a2dabb4 relative=0x00000000000029f4
Event: 219.812 Thread 0x0000011908eb26e0 Uncommon trap: reason=class_check action=maybe_recompile pc=0x000001191a2dabb4 method=org.gradle.internal.logging.sink.OutputEventTransformer.onOutput(Lorg/gradle/internal/logging/events/OutputEvent;)V @ 308 c2
Event: 219.812 Thread 0x0000011908eb26e0 DEOPT PACKING pc=0x000001191a2dabb4 sp=0x00000003ba3fe480
Event: 219.812 Thread 0x0000011908eb26e0 DEOPT UNPACKING pc=0x0000011919c7d2a2 sp=0x00000003ba3fe478 mode 2
Event: 219.812 Thread 0x0000011908eb26e0 Uncommon trap: trap_request=0xffffffde fr.pc=0x000001191a2dabb4 relative=0x00000000000029f4
Event: 219.812 Thread 0x0000011908eb26e0 Uncommon trap: reason=class_check action=maybe_recompile pc=0x000001191a2dabb4 method=org.gradle.internal.logging.sink.OutputEventTransformer.onOutput(Lorg/gradle/internal/logging/events/OutputEvent;)V @ 308 c2
Event: 219.812 Thread 0x0000011908eb26e0 DEOPT PACKING pc=0x000001191a2dabb4 sp=0x00000003ba3fe480
Event: 219.812 Thread 0x0000011908eb26e0 DEOPT UNPACKING pc=0x0000011919c7d2a2 sp=0x00000003ba3fe478 mode 2
Event: 219.812 Thread 0x0000011908eb26e0 Uncommon trap: trap_request=0xffffffde fr.pc=0x000001191a2dabb4 relative=0x00000000000029f4
Event: 219.812 Thread 0x0000011908eb26e0 Uncommon trap: reason=class_check action=maybe_recompile pc=0x000001191a2dabb4 method=org.gradle.internal.logging.sink.OutputEventTransformer.onOutput(Lorg/gradle/internal/logging/events/OutputEvent;)V @ 308 c2
Event: 219.812 Thread 0x0000011908eb26e0 DEOPT PACKING pc=0x000001191a2dabb4 sp=0x00000003ba3fe480
Event: 219.812 Thread 0x0000011908eb26e0 DEOPT UNPACKING pc=0x0000011919c7d2a2 sp=0x00000003ba3fe478 mode 2

Classes loaded (20 events):
Event: 166.012 Loading class jdk/internal/logger/LazyLoggers
Event: 166.012 Loading class jdk/internal/logger/LazyLoggers done
Event: 166.012 Loading class jdk/internal/logger/LazyLoggers$1
Event: 166.012 Loading class jdk/internal/logger/LazyLoggers$1 done
Event: 166.012 Loading class jdk/internal/logger/LazyLoggers$LazyLoggerFactories
Event: 166.012 Loading class jdk/internal/logger/LazyLoggers$LazyLoggerFactories done
Event: 166.013 Loading class jdk/internal/logger/LoggerFinderLoader
Event: 166.013 Loading class jdk/internal/logger/LoggerFinderLoader done
Event: 166.014 Loading class sun/util/logging/internal/LoggingProviderImpl$JULWrapper
Event: 166.014 Loading class sun/util/logging/PlatformLogger$ConfigurableBridge$LoggerConfiguration
Event: 166.014 Loading class sun/util/logging/PlatformLogger$ConfigurableBridge$LoggerConfiguration done
Event: 166.014 Loading class sun/util/logging/internal/LoggingProviderImpl$JULWrapper done
Event: 166.015 Loading class java/io/ObjectInputFilter$Config$BuiltinFilterFactory
Event: 166.015 Loading class java/io/ObjectInputFilter$Config$BuiltinFilterFactory done
Event: 166.015 Loading class jdk/internal/access/JavaObjectInputFilterAccess
Event: 166.016 Loading class jdk/internal/access/JavaObjectInputFilterAccess done
Event: 166.016 Loading class java/lang/System$Logger$Level
Event: 166.016 Loading class java/lang/System$Logger$Level done
Event: 166.016 Loading class java/io/Bits
Event: 166.016 Loading class java/io/Bits done

Classes unloaded (0 events):
No events

Classes redefined (0 events):
No events

Internal exceptions (20 events):
Event: 0.636 Thread 0x0000011908eb26e0 Exception <a 'java/lang/NoSuchMethodError'{0x00000000ff5e6098}: 'void java.lang.invoke.DelegatingMethodHandle$Holder.delegate(java.lang.Object, java.lang.Object, int, java.lang.Object)'> (0x00000000ff5e6098) 
thrown [s\open\src\hotspot\share\interpreter\linkResolver.cpp, line 773]
Event: 0.636 Thread 0x0000011908eb26e0 Exception <a 'java/lang/NoSuchMethodError'{0x00000000ff5e9d78}: 'int java.lang.invoke.DirectMethodHandle$Holder.invokeSpecial(java.lang.Object, java.lang.Object, java.lang.Object)'> (0x00000000ff5e9d78) 
thrown [s\open\src\hotspot\share\interpreter\linkResolver.cpp, line 773]
Event: 0.741 Thread 0x0000011908eb26e0 Exception <a 'java/lang/NoSuchMethodError'{0x00000000ff000b08}: 'java.lang.Object java.lang.invoke.DirectMethodHandle$Holder.newInvokeSpecial(java.lang.Object, java.lang.Object, java.lang.Object, java.lang.Object, java.lang.Object)'> (0x00000000ff000b08) 
thrown [s\open\src\hotspot\share\interpreter\linkResolver.cpp, line 773]
Event: 0.750 Thread 0x0000011908eb26e0 Exception <a 'java/lang/NoSuchMethodError'{0x00000000ff048d60}: 'java.lang.Object java.lang.invoke.Invokers$Holder.invokeExact_MT(java.lang.Object, java.lang.Object, java.lang.Object, java.lang.Object, java.lang.Object)'> (0x00000000ff048d60) 
thrown [s\open\src\hotspot\share\interpreter\linkResolver.cpp, line 773]
Event: 0.756 Thread 0x0000011908eb26e0 Exception <a 'java/lang/NoSuchMethodError'{0x00000000ff075498}: 'java.lang.Object java.lang.invoke.DirectMethodHandle$Holder.invokeVirtual(java.lang.Object, java.lang.Object, java.lang.Object, java.lang.Object, java.lang.Object, java.lang.Object, java.lang.Object)'> (0x00000000ff075498) 
thrown [s\open\src\hotspot\share\interpreter\linkResolver.cpp, line 773]
Event: 0.764 Thread 0x0000011908eb26e0 Exception <a 'java/lang/NoSuchMethodError'{0x00000000ff0b72c8}: 'java.lang.Object java.lang.invoke.DirectMethodHandle$Holder.invokeVirtual(java.lang.Object, java.lang.Object, java.lang.Object, java.lang.Object)'> (0x00000000ff0b72c8) 
thrown [s\open\src\hotspot\share\interpreter\linkResolver.cpp, line 773]
Event: 0.782 Thread 0x0000011908eb26e0 Exception <a 'java/lang/NoSuchMethodError'{0x00000000fef71a78}: 'java.lang.Object java.lang.invoke.DirectMethodHandle$Holder.invokeVirtual(java.lang.Object, java.lang.Object, java.lang.Object, java.lang.Object, java.lang.Object, java.lang.Object)'> (0x00000000fef71a78) 
thrown [s\open\src\hotspot\share\interpreter\linkResolver.cpp, line 773]
Event: 0.824 Thread 0x0000011908eb26e0 Implicit null exception at 0x000001191a269e1a to 0x000001191a26a030
Event: 0.824 Thread 0x0000011908eb26e0 Implicit null exception at 0x000001191a23259d to 0x000001191a232619
Event: 0.865 Thread 0x0000011908eb26e0 Exception <a 'java/lang/NoSuchMethodError'{0x00000000fecffa48}: 'int java.lang.invoke.DirectMethodHandle$Holder.invokeVirtual(java.lang.Object, java.lang.Object, java.lang.Object)'> (0x00000000fecffa48) 
thrown [s\open\src\hotspot\share\interpreter\linkResolver.cpp, line 773]
Event: 0.907 Thread 0x0000011908eb26e0 Exception <a 'java/lang/NoSuchMethodError'{0x00000000fea94e70}: 'java.lang.Object java.lang.invoke.DirectMethodHandle$Holder.invokeVirtual(java.lang.Object, java.lang.Object, java.lang.Object, java.lang.Object, java.lang.Object)'> (0x00000000fea94e70) 
thrown [s\open\src\hotspot\share\interpreter\linkResolver.cpp, line 773]
Event: 0.908 Thread 0x0000011908eb26e0 Exception <a 'java/lang/NoSuchMethodError'{0x00000000feaa7a60}: 'java.lang.Object java.lang.invoke.Invokers$Holder.invokeExact_MT(java.lang.Object, java.lang.Object, java.lang.Object, java.lang.Object, java.lang.Object, java.lang.Object)'> (0x00000000feaa7a60) 
thrown [s\open\src\hotspot\share\interpreter\linkResolver.cpp, line 773]
Event: 0.924 Thread 0x0000011908eb26e0 Exception <a 'java/lang/NoSuchMethodError'{0x00000000fe958b80}: 'java.lang.Object java.lang.invoke.DirectMethodHandle$Holder.invokeSpecialIFC(java.lang.Object, java.lang.Object, java.lang.Object, java.lang.Object)'> (0x00000000fe958b80) 
thrown [s\open\src\hotspot\share\interpreter\linkResolver.cpp, line 773]
Event: 0.925 Thread 0x0000011908eb26e0 Exception <a 'java/lang/NoSuchMethodError'{0x00000000fe962a10}: 'java.lang.Object java.lang.invoke.DirectMethodHandle$Holder.invokeVirtual(java.lang.Object, java.lang.Object, java.lang.Object, java.lang.Object, java.lang.Object, java.lang.Object, java.lang.Object, java.lang.Object)'> (0x00000000fe962a10) 
thrown [s\open\src\hotspot\share\interpreter\linkResolver.cpp, line 773]
Event: 0.999 Thread 0x0000011908eb26e0 Exception <a 'java/lang/NoSuchMethodError'{0x00000000fe3455a8}: 'java.lang.Object java.lang.invoke.DirectMethodHandle$Holder.invokeStaticInit(java.lang.Object, int, int, int, int)'> (0x00000000fe3455a8) 
thrown [s\open\src\hotspot\share\interpreter\linkResolver.cpp, line 773]
Event: 1.073 Thread 0x0000011908eb26e0 Exception <a 'java/lang/NoSuchMethodError'{0x00000000fe20db18}: 'java.lang.Object java.lang.invoke.DirectMethodHandle$Holder.invokeStaticInit(java.lang.Object, java.lang.Object, int, int, int, int)'> (0x00000000fe20db18) 
thrown [s\open\src\hotspot\share\interpreter\linkResolver.cpp, line 773]
Event: 1.225 Thread 0x0000011908eb26e0 Exception <a 'java/lang/NoSuchMethodError'{0x00000000fe2372d0}: 'void java.lang.invoke.DirectMethodHandle$Holder.invokeStatic(java.lang.Object, java.lang.Object, java.lang.Object)'> (0x00000000fe2372d0) 
thrown [s\open\src\hotspot\share\interpreter\linkResolver.cpp, line 773]
Event: 1.250 Thread 0x0000011908eb26e0 Implicit null exception at 0x000001191a240460 to 0x000001191a2409b0
Event: 1.251 Thread 0x0000011908eb26e0 Implicit null exception at 0x000001191a25a4e0 to 0x000001191a25aa28
Event: 1.254 Thread 0x0000011908eb26e0 Exception <a 'java/lang/NoSuchMethodError'{0x00000000fe15a6b8}: 'void java.lang.invoke.DirectMethodHandle$Holder.invokeInterface(java.lang.Object, java.lang.Object, java.lang.Object)'> (0x00000000fe15a6b8) 
thrown [s\open\src\hotspot\share\interpreter\linkResolver.cpp, line 773]

VM Operations (20 events):
Event: 120.416 Executing VM operation: Cleanup
Event: 120.416 Executing VM operation: Cleanup done
Event: 123.459 Executing VM operation: Cleanup
Event: 123.460 Executing VM operation: Cleanup done
Event: 125.480 Executing VM operation: Cleanup
Event: 125.480 Executing VM operation: Cleanup done
Event: 126.482 Executing VM operation: Cleanup
Event: 126.482 Executing VM operation: Cleanup done
Event: 128.491 Executing VM operation: Cleanup
Event: 128.491 Executing VM operation: Cleanup done
Event: 166.759 Executing VM operation: Cleanup
Event: 166.759 Executing VM operation: Cleanup done
Event: 167.760 Executing VM operation: Cleanup
Event: 167.760 Executing VM operation: Cleanup done
Event: 168.763 Executing VM operation: Cleanup
Event: 168.764 Executing VM operation: Cleanup done
Event: 184.897 Executing VM operation: Cleanup
Event: 184.897 Executing VM operation: Cleanup done
Event: 218.155 Executing VM operation: Cleanup
Event: 218.155 Executing VM operation: Cleanup done

Events (18 events):
Event: 0.014 Thread 0x0000011908eb26e0 Thread added: 0x0000011908eb26e0
Event: 0.023 Thread 0x0000011924cd2090 Thread added: 0x0000011924cd2090
Event: 0.023 Thread 0x0000011924cd2e90 Thread added: 0x0000011924cd2e90
Event: 0.024 Thread 0x0000011924cd7d90 Thread added: 0x0000011924cd7d90
Event: 0.024 Thread 0x0000011924cd9a90 Thread added: 0x0000011924cd9a90
Event: 0.024 Thread 0x0000011924cda570 Thread added: 0x0000011924cda570
Event: 0.024 Thread 0x0000011924cdb180 Thread added: 0x0000011924cdb180
Event: 0.024 Thread 0x0000011924ce5150 Thread added: 0x0000011924ce5150
Event: 0.024 Thread 0x0000011924ce7c10 Thread added: 0x0000011924ce7c10
Event: 0.035 Thread 0x000001192908be00 Thread added: 0x000001192908be00
Event: 0.037 Thread 0x0000011929097c00 Thread added: 0x0000011929097c00
Event: 0.198 Thread 0x00000119293fd3c0 Thread added: 0x00000119293fd3c0
Event: 0.273 Thread 0x000001192925f710 Thread added: 0x000001192925f710
Event: 0.699 Thread 0x0000011929c184d0 Thread added: 0x0000011929c184d0
Event: 1.058 Thread 0x000001192925f710 Thread exited: 0x000001192925f710
Event: 1.199 Thread 0x00000119293fd3c0 Thread exited: 0x00000119293fd3c0
Event: 1.294 Thread 0x000001192a3209b0 Thread added: 0x000001192a3209b0
Event: 1.713 Thread 0x000001192a3209b0 Thread exited: 0x000001192a3209b0


Dynamic libraries:
0x00007ff65eed0000 - 0x00007ff65eee0000 	C:\Program Files\Java\jdk-20\bin\java.exe
0x00007ff9973d0000 - 0x00007ff9975e7000 	C:\WINDOWS\SYSTEM32\ntdll.dll
0x00007ff995b30000 - 0x00007ff995bf4000 	C:\WINDOWS\System32\KERNEL32.DLL
0x00007ff9944f0000 - 0x00007ff9948c3000 	C:\WINDOWS\System32\KERNELBASE.dll
0x00007ff994e60000 - 0x00007ff994f71000 	C:\WINDOWS\System32\ucrtbase.dll
0x00007ff979920000 - 0x00007ff979939000 	C:\Program Files\Java\jdk-20\bin\jli.dll
0x00007ff996c10000 - 0x00007ff996cc1000 	C:\WINDOWS\System32\ADVAPI32.dll
0x00007ff979900000 - 0x00007ff97991b000 	C:\Program Files\Java\jdk-20\bin\VCRUNTIME140.dll
0x00007ff9972e0000 - 0x00007ff997387000 	C:\WINDOWS\System32\msvcrt.dll
0x00007ff995830000 - 0x00007ff9958d8000 	C:\WINDOWS\System32\sechost.dll
0x00007ff995050000 - 0x00007ff995078000 	C:\WINDOWS\System32\bcrypt.dll
0x00007ff996900000 - 0x00007ff996a14000 	C:\WINDOWS\System32\RPCRT4.dll
0x00007ff995430000 - 0x00007ff9955e1000 	C:\WINDOWS\System32\USER32.dll
0x00007ff994f80000 - 0x00007ff994fa6000 	C:\WINDOWS\System32\win32u.dll
0x00007ff97c880000 - 0x00007ff97cb18000 	C:\WINDOWS\WinSxS\amd64_microsoft.windows.common-controls_6595b64144ccf1df_6.0.22621.5124_none_270e8f4f7386d69d\COMCTL32.dll
0x00007ff997230000 - 0x00007ff997259000 	C:\WINDOWS\System32\GDI32.dll
0x00007ff994d40000 - 0x00007ff994e5b000 	C:\WINDOWS\System32\gdi32full.dll
0x00007ff994fb0000 - 0x00007ff99504a000 	C:\WINDOWS\System32\msvcp_win.dll
0x00007ff98afc0000 - 0x00007ff98afca000 	C:\WINDOWS\SYSTEM32\VERSION.dll
0x00007ff995c50000 - 0x00007ff995c81000 	C:\WINDOWS\System32\IMM32.DLL
0x00007ff982310000 - 0x00007ff98231c000 	C:\Program Files\Java\jdk-20\bin\vcruntime140_1.dll
0x00007ff960a80000 - 0x00007ff960b0e000 	C:\Program Files\Java\jdk-20\bin\msvcp140.dll
0x00007ff8b24c0000 - 0x00007ff8b3157000 	C:\Program Files\Java\jdk-20\bin\server\jvm.dll
0x00007ff98f880000 - 0x00007ff98f8b4000 	C:\WINDOWS\SYSTEM32\WINMM.dll
0x00007ff95fc40000 - 0x00007ff95fc49000 	C:\WINDOWS\SYSTEM32\WSOCK32.dll
0x00007ff995aa0000 - 0x00007ff995b11000 	C:\WINDOWS\System32\WS2_32.dll
0x00007ff9935f0000 - 0x00007ff993608000 	C:\WINDOWS\SYSTEM32\kernel.appcore.dll
0x00007ff9798f0000 - 0x00007ff9798fa000 	C:\Program Files\Java\jdk-20\bin\jimage.dll
0x00007ff991d90000 - 0x00007ff991fc2000 	C:\WINDOWS\SYSTEM32\DBGHELP.DLL
0x00007ff995080000 - 0x00007ff995412000 	C:\WINDOWS\System32\combase.dll
0x00007ff997150000 - 0x00007ff997227000 	C:\WINDOWS\System32\OLEAUT32.dll
0x00007ff97c060000 - 0x00007ff97c092000 	C:\WINDOWS\SYSTEM32\dbgcore.DLL
0x00007ff994cc0000 - 0x00007ff994d3b000 	C:\WINDOWS\System32\bcryptPrimitives.dll
0x00007ff977ec0000 - 0x00007ff977ee6000 	C:\Program Files\Java\jdk-20\bin\java.dll
0x00007ff95d280000 - 0x00007ff95d357000 	C:\Program Files\Java\jdk-20\bin\jsvml.dll
0x00007ff996060000 - 0x00007ff9968f6000 	C:\WINDOWS\System32\SHELL32.dll
0x00007ff994b00000 - 0x00007ff994c3f000 	C:\WINDOWS\System32\wintypes.dll
0x00007ff9923d0000 - 0x00007ff992cea000 	C:\WINDOWS\SYSTEM32\windows.storage.dll
0x00007ff995e20000 - 0x00007ff995f2a000 	C:\WINDOWS\System32\SHCORE.dll
0x00007ff995600000 - 0x00007ff995663000 	C:\WINDOWS\System32\shlwapi.dll
0x00007ff994420000 - 0x00007ff99444b000 	C:\WINDOWS\SYSTEM32\profapi.dll
0x00007ff971f60000 - 0x00007ff971f73000 	C:\Program Files\Java\jdk-20\bin\net.dll
0x00007ff990c80000 - 0x00007ff990dac000 	C:\WINDOWS\SYSTEM32\WINHTTP.dll
0x00007ff993a90000 - 0x00007ff993afa000 	C:\WINDOWS\system32\mswsock.dll
0x00007ff966bd0000 - 0x00007ff966be6000 	C:\Program Files\Java\jdk-20\bin\nio.dll
0x00007ff95f820000 - 0x00007ff95f838000 	C:\Program Files\Java\jdk-20\bin\zip.dll
0x00007ff969a70000 - 0x00007ff969a80000 	C:\Program Files\Java\jdk-20\bin\verify.dll
0x00007ff9134b0000 - 0x00007ff9134d7000 	C:\Users\Asus\.gradle\native\c067742578af261105cb4f569cf0c3c89f3d7b1fecec35dd04571415982c5e48\windows-amd64\native-platform.dll
0x00007ff98f920000 - 0x00007ff98f92a000 	C:\Users\Asus\.gradle\native\jansi\1.18\windows64\jansi.dll
0x00007ff966bc0000 - 0x00007ff966bca000 	C:\Program Files\Java\jdk-20\bin\management.dll
0x00007ff9669a0000 - 0x00007ff9669ab000 	C:\Program Files\Java\jdk-20\bin\management_ext.dll
0x00007ff995420000 - 0x00007ff995428000 	C:\WINDOWS\System32\PSAPI.DLL
0x00007ff993ce0000 - 0x00007ff993cfb000 	C:\WINDOWS\SYSTEM32\CRYPTSP.dll
0x00007ff993550000 - 0x00007ff993587000 	C:\WINDOWS\system32\rsaenh.dll
0x00007ff993b80000 - 0x00007ff993ba8000 	C:\WINDOWS\SYSTEM32\USERENV.dll
0x00007ff993d00000 - 0x00007ff993d0c000 	C:\WINDOWS\SYSTEM32\CRYPTBASE.dll
0x00007ff993000000 - 0x00007ff99302d000 	C:\WINDOWS\SYSTEM32\IPHLPAPI.DLL
0x00007ff9955f0000 - 0x00007ff9955f9000 	C:\WINDOWS\System32\NSI.dll
0x00007ff98fad0000 - 0x00007ff98fae9000 	C:\WINDOWS\SYSTEM32\dhcpcsvc6.DLL
0x00007ff98fab0000 - 0x00007ff98facf000 	C:\WINDOWS\SYSTEM32\dhcpcsvc.DLL
0x00007ff993080000 - 0x00007ff993182000 	C:\WINDOWS\SYSTEM32\DNSAPI.dll
0x00007ff95fd80000 - 0x00007ff95fd87000 	C:\Program Files\Java\jdk-20\bin\extnet.dll
0x00007ff95f4f0000 - 0x00007ff95f4fe000 	C:\Program Files\Java\jdk-20\bin\sunmscapi.dll
0x00007ff994990000 - 0x00007ff994af6000 	C:\WINDOWS\System32\CRYPT32.dll
0x00007ff993ea0000 - 0x00007ff993ecd000 	C:\WINDOWS\SYSTEM32\ncrypt.dll
0x00007ff993e60000 - 0x00007ff993e97000 	C:\WINDOWS\SYSTEM32\NTASN1.dll
0x00007ff953750000 - 0x00007ff953758000 	C:\WINDOWS\system32\wshunix.dll

dbghelp: loaded successfully - version: 4.0.5 - missing functions: none
symbol engine: initialized successfully - sym options: 0x614 - pdb path: .;C:\Program Files\Java\jdk-20\bin;C:\WINDOWS\SYSTEM32;C:\WINDOWS\WinSxS\amd64_microsoft.windows.common-controls_6595b64144ccf1df_6.0.22621.5124_none_270e8f4f7386d69d;C:\Program Files\Java\jdk-20\bin\server;C:\Users\Asus\.gradle\native\c067742578af261105cb4f569cf0c3c89f3d7b1fecec35dd04571415982c5e48\windows-amd64;C:\Users\Asus\.gradle\native\jansi\1.18\windows64

VM Arguments:
jvm_args: -Xmx64m -Xms64m -Dorg.gradle.appname=gradlew 
java_command: org.gradle.wrapper.GradleWrapperMain lint
java_class_path (initial): C:\Users\Asus\AndroidStudioProjects\Portofolioku\\gradle\wrapper\gradle-wrapper.jar
Launcher Type: SUN_STANDARD

[Global flags]
     intx CICompilerCount                          = 4                                         {product} {ergonomic}
     uint ConcGCThreads                            = 2                                         {product} {ergonomic}
     uint G1ConcRefinementThreads                  = 8                                         {product} {ergonomic}
   size_t G1HeapRegionSize                         = 1048576                                   {product} {ergonomic}
    uintx GCDrainStackTargetSize                   = 64                                        {product} {ergonomic}
   size_t InitialHeapSize                          = 67108864                                  {product} {command line}
   size_t MarkStackSize                            = 4194304                                   {product} {ergonomic}
   size_t MaxHeapSize                              = 67108864                                  {product} {command line}
   size_t MaxNewSize                               = 39845888                                  {product} {ergonomic}
   size_t MinHeapDeltaBytes                        = 1048576                                   {product} {ergonomic}
   size_t MinHeapSize                              = 67108864                                  {product} {command line}
    uintx NonNMethodCodeHeapSize                   = 5839372                                {pd product} {ergonomic}
    uintx NonProfiledCodeHeapSize                  = 122909434                              {pd product} {ergonomic}
    uintx ProfiledCodeHeapSize                     = 122909434                              {pd product} {ergonomic}
    uintx ReservedCodeCacheSize                    = 251658240                              {pd product} {ergonomic}
     bool SegmentedCodeCache                       = true                                      {product} {ergonomic}
   size_t SoftMaxHeapSize                          = 67108864                               {manageable} {ergonomic}
     bool UseCompressedClassPointers               = true                           {product lp64_product} {ergonomic}
     bool UseCompressedOops                        = true                           {product lp64_product} {ergonomic}
     bool UseG1GC                                  = true                                      {product} {ergonomic}
     bool UseLargePagesIndividualAllocation        = false                                  {pd product} {ergonomic}

Logging:
Log output configuration:
 #0: stdout all=warning uptime,level,tags foldmultilines=false
 #1: stderr all=off uptime,level,tags foldmultilines=false

Environment Variables:
JAVA_HOME=C:\Program Files\Java\jdk-20
CLASSPATH=C:\Users\Asus\AndroidStudioProjects\Portofolioku\\gradle\wrapper\gradle-wrapper.jar
PATH=C:\Program Files\Common Files\Oracle\Java\javapath;C:\Windows\system32;C:\Windows;C:\Windows\System32\Wbem;C:\Windows\System32\WindowsPowerShell\v1.0\;C:\Windows\System32\OpenSSH\;C:\Program Files (x86)\NVIDIA Corporation\PhysX\Common;C:\Program Files\NVIDIA Corporation\NVIDIA NvDLISR;C:\Program Files\MinGW\MinGW\bin;C:\Program Files\C\MinGW\bin;C:\WINDOWS\system32;C:\WINDOWS;C:\WINDOWS\System32\Wbem;C:\WINDOWS\System32\WindowsPowerShell\v1.0\;C:\WINDOWS\System32\OpenSSH\;C:\Program Files\Git\cmd;C:\Program Files\Java\jdk-20\bin;C:\Program Files (x86)\Microsoft SQL Server\160\DTS\Binn\;C:\Program Files\Azure Data Studio\bin;C:\Program Files\Microsoft SQL Server\Client SDK\ODBC\170\Tools\Binn\;C:\Program Files (x86)\Microsoft SQL Server\150\Tools\Binn\;C:\Program Files\Microsoft SQL Server\150\Tools\Binn\;C:\Program Files\Microsoft SQL Server\150\DTS\Binn\;C:\Program Files (x86)\Microsoft SQL Server\160\Tools\Binn\;C:\Program Files\Microsoft SQL Server\160\Tools\Binn\;C:\Program Files\Microsoft SQL Server\160\DTS\Binn\;C:\Users\Asus\Downloads\node-v20.17.0-win-x64\node-v20.17.0-win-x64;C:\tools\php-8.3.13-Win32-vs16-x64;C:\ProgramData\ComposerSetup\bin;C:\tools\mariadb-11.4.3-winx64\bin;C:\Program Files\Android\Android Studio\plugins\Kotlin\kotlinc\bin;;C:\Program Files\Docker\Docker\resources\bin;C:\Users\Asus\AppData\Local\Programs\Python\Python312\Scripts\;C:\Users\Asus\AppData\Local\Programs\Python\Python312\;C:\Users\Asus\AppData\Local\Programs\Python\Launcher\;C:\Users\Asus\AppData\Local\Microsoft\WindowsApps;C:\Program Files\MinGW\MinGW\bin;C:\Users\Asus\AppData\Local\Programs\Microsoft VS Code\bin;C:\Program Files\Azure Data Studio\bin;C:\Users\Asus\AppData\Local\GitHubDesktop\bin;C:\Users\Asus\AppData\Roaming\Composer\vendor\bin;C:\Program Files\JetBrains\IntelliJ IDEA Community Edition 2024.2.4\bin;
USERNAME=Asus
OS=Windows_NT
PROCESSOR_IDENTIFIER=Intel64 Family 6 Model 140 Stepping 1, GenuineIntel
TMP=C:\Users\Asus\AppData\Local\Temp
TEMP=C:\Users\Asus\AppData\Local\Temp




---------------  S Y S T E M  ---------------

OS:
 Windows 11 , 64 bit Build 22621 (10.0.22621.5124)
OS uptime: 0 days 1:05 hours
Hyper-V role detected

CPU: total 8 (initial active 8) (4 cores per cpu, 2 threads per core) family 6 model 140 stepping 1 microcode 0x86, cx8, cmov, fxsr, ht, mmx, 3dnowpref, sse, sse2, sse3, ssse3, sse4.1, sse4.2, popcnt, lzcnt, tsc, tscinvbit, avx, avx2, aes, erms, clmul, bmi1, bmi2, adx, avx512f, avx512dq, avx512cd, avx512bw, avx512vl, sha, fma, vzeroupper, avx512_vpopcntdq, avx512_vpclmulqdq, avx512_vaes, avx512_vnni, clflush, clflushopt, clwb, avx512_vbmi2, avx512_vbmi, hv, rdtscp, rdpid, fsrm, gfni, avx512_bitalg, f16c, cet_ibt, cet_ss, avx512_ifma

Memory: 4k page, system-wide physical 24270M (4492M free)
TotalPageFile size 24270M (AvailPageFile size 5M)
current process WorkingSet (physical memory assigned to process): 107M, peak: 120M
current process commit charge ("private bytes"): 168M, peak: 182M

vm_info: Java HotSpot(TM) 64-Bit Server VM (20.0.1+9-29) for windows-amd64 JRE (20.0.1+9-29), built on 2023-03-07T13:56:11Z by "mach5one" with MS VC++ 17.1 (VS2022)

END.
