#
# There is insufficient memory for the Java Runtime Environment to continue.
# Native memory allocation (mmap) failed to map 65536 bytes. Error detail: Failed to commit metaspace.
# Possible reasons:
#   The system is out of physical RAM or swap space
#   This process is running with CompressedOops enabled, and the Java Heap may be blocking the growth of the native heap
# Possible solutions:
#   Reduce memory load on the system
#   Increase physical memory or swap space
#   Check if swap backing store is full
#   Decrease Java heap size (-Xmx/-Xms)
#   Decrease number of Java threads
#   Decrease Java thread stack sizes (-Xss)
#   Set larger code cache with -XX:ReservedCodeCacheSize=
#   JVM is running with Zero Based Compressed Oops mode in which the Java heap is
#     placed in the first 32GB address space. The Java Heap base address is the
#     maximum limit for the native heap growth. Please use -XX:HeapBaseMinAddress
#     to set the Java Heap base and to place the Java Heap above 32GB virtual address.
# This output file may be truncated or incomplete.
#
#  Out of Memory Error (virtualSpaceNode.cpp:113), pid=10020, tid=17296
#
# JRE version: OpenJDK Runtime Environment (21.0.4) (build 21.0.4+-12508038-b607.1)
# Java VM: OpenJDK 64-Bit Server VM (21.0.4+-12508038-b607.1, mixed mode, tiered, compressed oops, compressed class ptrs, g1 gc, windows-amd64)
# No core dump will be written. Minidumps are not enabled by default on client versions of Windows
#

---------------  S U M M A R Y ------------

Command Line: -Djava.awt.headless=true -Djava.util.logging.config.file=C:\Users\Asus\.android\utp\logging12317260189972890609properties -Dfile.encoding=UTF-8 com.google.testing.platform.launcher.Launcher C:\Users\Asus\.gradle\caches\modules-2\files-2.1\com.google.testing.platform\core\0.0.9-alpha02\8d72767495b76dfdfe1a4f02bab67cb035da816d\core-0.0.9-alpha02.jar --proto_config=C:\Users\Asus\.android\utp\runnerConfig14712575762638757876.pb --proto_server_config=C:\Users\Asus\.android\utp\serverConfig2250639851272985371.pb

Host: 11th Gen Intel(R) Core(TM) i5-1135G7 @ 2.40GHz, 8 cores, 23G,  Windows 11 , 64 bit Build 22621 (10.0.22621.5124)
Time: Sat Apr  5 16:11:47 2025 SE Asia Standard Time elapsed time: 0.382600 seconds (0d 0h 0m 0s)

---------------  T H R E A D  ---------------

Current thread (0x000001fb855dc910):  JavaThread "main"             [_thread_in_vm, id=17296, stack(0x00000001bf400000,0x00000001bf500000) (1024K)]

Stack: [0x00000001bf400000,0x00000001bf500000]
Native frames: (J=compiled Java code, j=interpreted, Vv=VM code, C=native code)
V  [jvm.dll+0x6ce539]
V  [jvm.dll+0x85bf03]
V  [jvm.dll+0x85e45e]
V  [jvm.dll+0x85eb43]
V  [jvm.dll+0x27dd06]
V  [jvm.dll+0x856dde]
V  [jvm.dll+0x672715]
V  [jvm.dll+0x1e2ab1]
V  [jvm.dll+0x1e287e]
V  [jvm.dll+0x675068]
V  [jvm.dll+0x674ea2]
V  [jvm.dll+0x67310e]
V  [jvm.dll+0x26908f]
V  [jvm.dll+0x67d0f5]
V  [jvm.dll+0x21482c]
V  [jvm.dll+0x214d75]
V  [jvm.dll+0x215756]
V  [jvm.dll+0x20a7a9]
V  [jvm.dll+0x5b0c43]
V  [jvm.dll+0x7d4010]
V  [jvm.dll+0x7d413e]
V  [jvm.dll+0x46d9ad]
V  [jvm.dll+0x4732f8]
C  [java.dll+0x17ec]

Java frames: (J=compiled Java code, j=interpreted, Vv=VM code)
j  java.lang.ClassLoader.defineClass1(Ljava/lang/ClassLoader;Ljava/lang/String;[BIILjava/security/ProtectionDomain;Ljava/lang/String;)Ljava/lang/Class;+0 java.base@21.0.4
j  java.lang.ClassLoader.defineClass(Ljava/lang/String;[BIILjava/security/ProtectionDomain;)Ljava/lang/Class;+27 java.base@21.0.4
j  java.security.SecureClassLoader.defineClass(Ljava/lang/String;[BIILjava/security/CodeSource;)Ljava/lang/Class;+12 java.base@21.0.4
j  jdk.internal.loader.BuiltinClassLoader.defineClass(Ljava/lang/String;Ljdk/internal/loader/Resource;)Ljava/lang/Class;+117 java.base@21.0.4
j  jdk.internal.loader.BuiltinClassLoader.findClassOnClassPathOrNull(Ljava/lang/String;)Ljava/lang/Class;+37 java.base@21.0.4
j  jdk.internal.loader.BuiltinClassLoader.loadClassOrNull(Ljava/lang/String;Z)Ljava/lang/Class;+111 java.base@21.0.4
j  jdk.internal.loader.BuiltinClassLoader.loadClass(Ljava/lang/String;Z)Ljava/lang/Class;+3 java.base@21.0.4
j  jdk.internal.loader.ClassLoaders$AppClassLoader.loadClass(Ljava/lang/String;Z)Ljava/lang/Class;+36 java.base@21.0.4
j  java.lang.ClassLoader.loadClass(Ljava/lang/String;)Ljava/lang/Class;+3 java.base@21.0.4
v  ~StubRoutines::call_stub 0x000001fb91d910e7
j  kotlinx.coroutines.DebugKt.<clinit>()V+10
v  ~StubRoutines::call_stub 0x000001fb91d910e7
j  kotlinx.coroutines.JobSupport.initParentJob(Lkotlinx/coroutines/Job;)V+0
j  kotlinx.coroutines.JobImpl.<init>(Lkotlinx/coroutines/Job;)V+7
j  kotlinx.coroutines.JobKt__JobKt.Job(Lkotlinx/coroutines/Job;)Lkotlinx/coroutines/CompletableJob;+5
j  kotlinx.coroutines.JobKt.Job(Lkotlinx/coroutines/Job;)Lkotlinx/coroutines/CompletableJob;+1
j  kotlinx.coroutines.JobKt__JobKt.Job$default(Lkotlinx/coroutines/Job;ILjava/lang/Object;)Lkotlinx/coroutines/CompletableJob;+9
j  kotlinx.coroutines.JobKt.Job$default(Lkotlinx/coroutines/Job;ILjava/lang/Object;)Lkotlinx/coroutines/CompletableJob;+3
j  com.google.testing.platform.lib.cancellation.ProcessCancellationContext.<init>(Ljava/time/Duration;)V+60
j  com.google.testing.platform.lib.cancellation.ProcessCancellationContext.<init>(Ljava/time/Duration;ILkotlin/jvm/internal/DefaultConstructorMarker;)V+10
j  com.google.testing.platform.main.MainKt.main([Ljava/lang/String;Lkotlin/jvm/functions/Function1;)V+34
j  com.google.testing.platform.main.MainKt.main$default([Ljava/lang/String;Lkotlin/jvm/functions/Function1;ILjava/lang/Object;)V+15
j  com.google.testing.platform.main.MainKt.main([Ljava/lang/String;)V+10
j  java.lang.invoke.LambdaForm$DMH+0x00000008000c1800.invokeStatic(Ljava/lang/Object;Ljava/lang/Object;)V+10 java.base@21.0.4
j  java.lang.invoke.LambdaForm$MH+0x00000008000c2c00.invoke(Ljava/lang/Object;Ljava/lang/Object;Ljava/lang/Object;)Ljava/lang/Object;+33 java.base@21.0.4
j  java.lang.invoke.Invokers$Holder.invokeExact_MT(Ljava/lang/Object;Ljava/lang/Object;Ljava/lang/Object;Ljava/lang/Object;)Ljava/lang/Object;+20 java.base@21.0.4
j  jdk.internal.reflect.DirectMethodHandleAccessor.invokeImpl(Ljava/lang/Object;[Ljava/lang/Object;)Ljava/lang/Object;+55 java.base@21.0.4
j  jdk.internal.reflect.DirectMethodHandleAccessor.invoke(Ljava/lang/Object;[Ljava/lang/Object;)Ljava/lang/Object;+23 java.base@21.0.4
j  java.lang.reflect.Method.invoke(Ljava/lang/Object;[Ljava/lang/Object;)Ljava/lang/Object;+102 java.base@21.0.4
j  com.google.testing.platform.launcher.Launcher.main([Ljava/lang/String;)V+176
v  ~StubRoutines::call_stub 0x000001fb91d910e7

---------------  P R O C E S S  ---------------

Threads class SMR info:
_java_thread_list=0x000001fba82196b0, length=12, elements={
0x000001fb855dc910, 0x000001fba80768b0, 0x000001fba80778c0, 0x000001fba808c510,
0x000001fba808fd00, 0x000001fba8093780, 0x000001fba80941e0, 0x000001fba8095710,
0x000001fba80991d0, 0x000001fba823dc30, 0x000001fba8242880, 0x000001fba828a3d0
}

Java Threads: ( => current thread )
=>0x000001fb855dc910 JavaThread "main"                              [_thread_in_vm, id=17296, stack(0x00000001bf400000,0x00000001bf500000) (1024K)]
  0x000001fba80768b0 JavaThread "Reference Handler"          daemon [_thread_blocked, id=21544, stack(0x00000001bfc00000,0x00000001bfd00000) (1024K)]
  0x000001fba80778c0 JavaThread "Finalizer"                  daemon [_thread_blocked, id=324, stack(0x00000001bfd00000,0x00000001bfe00000) (1024K)]
  0x000001fba808c510 JavaThread "Signal Dispatcher"          daemon [_thread_blocked, id=18284, stack(0x00000001bfe00000,0x00000001bff00000) (1024K)]
  0x000001fba808fd00 JavaThread "Attach Listener"            daemon [_thread_blocked, id=16748, stack(0x00000001bff00000,0x00000001c0000000) (1024K)]
  0x000001fba8093780 JavaThread "Service Thread"             daemon [_thread_blocked, id=1904, stack(0x00000001c0000000,0x00000001c0100000) (1024K)]
  0x000001fba80941e0 JavaThread "Monitor Deflation Thread"   daemon [_thread_blocked, id=3248, stack(0x00000001c0100000,0x00000001c0200000) (1024K)]
  0x000001fba8095710 JavaThread "C2 CompilerThread0"         daemon [_thread_blocked, id=8112, stack(0x00000001c0200000,0x00000001c0300000) (1024K)]
  0x000001fba80991d0 JavaThread "C1 CompilerThread0"         daemon [_thread_blocked, id=21184, stack(0x00000001c0300000,0x00000001c0400000) (1024K)]
  0x000001fba823dc30 JavaThread "Notification Thread"        daemon [_thread_blocked, id=12432, stack(0x00000001c0400000,0x00000001c0500000) (1024K)]
  0x000001fba8242880 JavaThread "Common-Cleaner"             daemon [_thread_blocked, id=16900, stack(0x00000001c0500000,0x00000001c0600000) (1024K)]
  0x000001fba828a3d0 JavaThread "C2 CompilerThread1"         daemon [_thread_blocked, id=21616, stack(0x00000001c0600000,0x00000001c0700000) (1024K)]
Total: 12

Other Threads:
  0x000001fb855bf000 VMThread "VM Thread"                           [id=17140, stack(0x00000001bfb00000,0x00000001bfc00000) (1024K)]
  0x000001fba3c33400 WatcherThread "VM Periodic Task Thread"        [id=10028, stack(0x00000001bfa00000,0x00000001bfb00000) (1024K)]
  0x000001fb855bf740 WorkerThread "GC Thread#0"                     [id=20988, stack(0x00000001bf500000,0x00000001bf600000) (1024K)]
  0x000001fb877aba90 ConcurrentGCThread "G1 Main Marker"            [id=18116, stack(0x00000001bf600000,0x00000001bf700000) (1024K)]
  0x000001fb855be8c0 WorkerThread "G1 Conc#0"                       [id=16680, stack(0x00000001bf700000,0x00000001bf800000) (1024K)]
  0x000001fba3b05a60 ConcurrentGCThread "G1 Refine#0"               [id=22336, stack(0x00000001bf800000,0x00000001bf900000) (1024K)]
  0x000001fba3b065d0 ConcurrentGCThread "G1 Service"                [id=22432, stack(0x00000001bf900000,0x00000001bfa00000) (1024K)]
Total: 7

Threads with active compile tasks:
Total: 0

VM state: not at safepoint (normal execution)

VM Mutex/Monitor currently owned by a thread:  ([mutex/lock_event])
[0x00007fffc76650f8] Metaspace_lock - owner thread: 0x000001fb855dc910

Heap address: 0x0000000684c00000, size: 6068 MB, Compressed Oops mode: Zero based, Oop shift amount: 3

CDS archive(s) not mapped
Compressed class space mapped at: 0x0000000800000000-0x0000000840000000, reserved size: 1073741824
Narrow klass base: 0x0000000800000000, Narrow klass shift: 0, Narrow klass range: 0x40000000

GC Precious Log:
 CardTable entry size: 512
 Card Set container configuration: InlinePtr #cards 4 size 8 Array Of Cards #cards 32 size 80 Howl #buckets 8 coarsen threshold 7372 Howl Bitmap #cards 1024 size 144 coarsen threshold 921 Card regions per heap region 1 cards per card region 8192
 CPUs: 8 total, 8 available
 Memory: 24270M
 Large Page Support: Disabled
 NUMA Support: Disabled
 Compressed Oops: Enabled (Zero based)
 Heap Region Size: 4M
 Heap Min Capacity: 8M
 Heap Initial Capacity: 380M
 Heap Max Capacity: 6068M
 Pre-touch: Disabled
 Parallel Workers: 8
 Concurrent Workers: 2
 Concurrent Refinement Workers: 8
 Periodic GC: Disabled

Heap:
 garbage-first heap   total 389120K, used 4096K [0x0000000684c00000, 0x0000000800000000)
  region size 4096K, 2 young (8192K), 0 survivors (0K)
 Metaspace       used 9005K, committed 9152K, reserved 1114112K
  class space    used 802K, committed 896K, reserved 1048576K

Heap Regions: E=young(eden), S=young(survivor), O=old, HS=humongous(starts), HC=humongous(continues), CS=collection set, F=free, TAMS=top-at-mark-start, PB=parsable bottom
|   0|0x0000000684c00000, 0x0000000684c00000, 0x0000000685000000|  0%| F|  |TAMS 0x0000000684c00000| PB 0x0000000684c00000| Untracked 
|   1|0x0000000685000000, 0x0000000685000000, 0x0000000685400000|  0%| F|  |TAMS 0x0000000685000000| PB 0x0000000685000000| Untracked 
|   2|0x0000000685400000, 0x0000000685400000, 0x0000000685800000|  0%| F|  |TAMS 0x0000000685400000| PB 0x0000000685400000| Untracked 
|   3|0x0000000685800000, 0x0000000685800000, 0x0000000685c00000|  0%| F|  |TAMS 0x0000000685800000| PB 0x0000000685800000| Untracked 
|   4|0x0000000685c00000, 0x0000000685c00000, 0x0000000686000000|  0%| F|  |TAMS 0x0000000685c00000| PB 0x0000000685c00000| Untracked 
|   5|0x0000000686000000, 0x0000000686000000, 0x0000000686400000|  0%| F|  |TAMS 0x0000000686000000| PB 0x0000000686000000| Untracked 
|   6|0x0000000686400000, 0x0000000686400000, 0x0000000686800000|  0%| F|  |TAMS 0x0000000686400000| PB 0x0000000686400000| Untracked 
|   7|0x0000000686800000, 0x0000000686800000, 0x0000000686c00000|  0%| F|  |TAMS 0x0000000686800000| PB 0x0000000686800000| Untracked 
|   8|0x0000000686c00000, 0x0000000686c00000, 0x0000000687000000|  0%| F|  |TAMS 0x0000000686c00000| PB 0x0000000686c00000| Untracked 
|   9|0x0000000687000000, 0x0000000687000000, 0x0000000687400000|  0%| F|  |TAMS 0x0000000687000000| PB 0x0000000687000000| Untracked 
|  10|0x0000000687400000, 0x0000000687400000, 0x0000000687800000|  0%| F|  |TAMS 0x0000000687400000| PB 0x0000000687400000| Untracked 
|  11|0x0000000687800000, 0x0000000687800000, 0x0000000687c00000|  0%| F|  |TAMS 0x0000000687800000| PB 0x0000000687800000| Untracked 
|  12|0x0000000687c00000, 0x0000000687c00000, 0x0000000688000000|  0%| F|  |TAMS 0x0000000687c00000| PB 0x0000000687c00000| Untracked 
|  13|0x0000000688000000, 0x0000000688000000, 0x0000000688400000|  0%| F|  |TAMS 0x0000000688000000| PB 0x0000000688000000| Untracked 
|  14|0x0000000688400000, 0x0000000688400000, 0x0000000688800000|  0%| F|  |TAMS 0x0000000688400000| PB 0x0000000688400000| Untracked 
|  15|0x0000000688800000, 0x0000000688800000, 0x0000000688c00000|  0%| F|  |TAMS 0x0000000688800000| PB 0x0000000688800000| Untracked 
|  16|0x0000000688c00000, 0x0000000688c00000, 0x0000000689000000|  0%| F|  |TAMS 0x0000000688c00000| PB 0x0000000688c00000| Untracked 
|  17|0x0000000689000000, 0x0000000689000000, 0x0000000689400000|  0%| F|  |TAMS 0x0000000689000000| PB 0x0000000689000000| Untracked 
|  18|0x0000000689400000, 0x0000000689400000, 0x0000000689800000|  0%| F|  |TAMS 0x0000000689400000| PB 0x0000000689400000| Untracked 
|  19|0x0000000689800000, 0x0000000689800000, 0x0000000689c00000|  0%| F|  |TAMS 0x0000000689800000| PB 0x0000000689800000| Untracked 
|  20|0x0000000689c00000, 0x0000000689c00000, 0x000000068a000000|  0%| F|  |TAMS 0x0000000689c00000| PB 0x0000000689c00000| Untracked 
|  21|0x000000068a000000, 0x000000068a000000, 0x000000068a400000|  0%| F|  |TAMS 0x000000068a000000| PB 0x000000068a000000| Untracked 
|  22|0x000000068a400000, 0x000000068a400000, 0x000000068a800000|  0%| F|  |TAMS 0x000000068a400000| PB 0x000000068a400000| Untracked 
|  23|0x000000068a800000, 0x000000068a800000, 0x000000068ac00000|  0%| F|  |TAMS 0x000000068a800000| PB 0x000000068a800000| Untracked 
|  24|0x000000068ac00000, 0x000000068ac00000, 0x000000068b000000|  0%| F|  |TAMS 0x000000068ac00000| PB 0x000000068ac00000| Untracked 
|  25|0x000000068b000000, 0x000000068b000000, 0x000000068b400000|  0%| F|  |TAMS 0x000000068b000000| PB 0x000000068b000000| Untracked 
|  26|0x000000068b400000, 0x000000068b400000, 0x000000068b800000|  0%| F|  |TAMS 0x000000068b400000| PB 0x000000068b400000| Untracked 
|  27|0x000000068b800000, 0x000000068b800000, 0x000000068bc00000|  0%| F|  |TAMS 0x000000068b800000| PB 0x000000068b800000| Untracked 
|  28|0x000000068bc00000, 0x000000068bc00000, 0x000000068c000000|  0%| F|  |TAMS 0x000000068bc00000| PB 0x000000068bc00000| Untracked 
|  29|0x000000068c000000, 0x000000068c000000, 0x000000068c400000|  0%| F|  |TAMS 0x000000068c000000| PB 0x000000068c000000| Untracked 
|  30|0x000000068c400000, 0x000000068c400000, 0x000000068c800000|  0%| F|  |TAMS 0x000000068c400000| PB 0x000000068c400000| Untracked 
|  31|0x000000068c800000, 0x000000068c800000, 0x000000068cc00000|  0%| F|  |TAMS 0x000000068c800000| PB 0x000000068c800000| Untracked 
|  32|0x000000068cc00000, 0x000000068cc00000, 0x000000068d000000|  0%| F|  |TAMS 0x000000068cc00000| PB 0x000000068cc00000| Untracked 
|  33|0x000000068d000000, 0x000000068d000000, 0x000000068d400000|  0%| F|  |TAMS 0x000000068d000000| PB 0x000000068d000000| Untracked 
|  34|0x000000068d400000, 0x000000068d400000, 0x000000068d800000|  0%| F|  |TAMS 0x000000068d400000| PB 0x000000068d400000| Untracked 
|  35|0x000000068d800000, 0x000000068d800000, 0x000000068dc00000|  0%| F|  |TAMS 0x000000068d800000| PB 0x000000068d800000| Untracked 
|  36|0x000000068dc00000, 0x000000068dc00000, 0x000000068e000000|  0%| F|  |TAMS 0x000000068dc00000| PB 0x000000068dc00000| Untracked 
|  37|0x000000068e000000, 0x000000068e000000, 0x000000068e400000|  0%| F|  |TAMS 0x000000068e000000| PB 0x000000068e000000| Untracked 
|  38|0x000000068e400000, 0x000000068e400000, 0x000000068e800000|  0%| F|  |TAMS 0x000000068e400000| PB 0x000000068e400000| Untracked 
|  39|0x000000068e800000, 0x000000068e800000, 0x000000068ec00000|  0%| F|  |TAMS 0x000000068e800000| PB 0x000000068e800000| Untracked 
|  40|0x000000068ec00000, 0x000000068ec00000, 0x000000068f000000|  0%| F|  |TAMS 0x000000068ec00000| PB 0x000000068ec00000| Untracked 
|  41|0x000000068f000000, 0x000000068f000000, 0x000000068f400000|  0%| F|  |TAMS 0x000000068f000000| PB 0x000000068f000000| Untracked 
|  42|0x000000068f400000, 0x000000068f400000, 0x000000068f800000|  0%| F|  |TAMS 0x000000068f400000| PB 0x000000068f400000| Untracked 
|  43|0x000000068f800000, 0x000000068f800000, 0x000000068fc00000|  0%| F|  |TAMS 0x000000068f800000| PB 0x000000068f800000| Untracked 
|  44|0x000000068fc00000, 0x000000068fc00000, 0x0000000690000000|  0%| F|  |TAMS 0x000000068fc00000| PB 0x000000068fc00000| Untracked 
|  45|0x0000000690000000, 0x0000000690000000, 0x0000000690400000|  0%| F|  |TAMS 0x0000000690000000| PB 0x0000000690000000| Untracked 
|  46|0x0000000690400000, 0x0000000690400000, 0x0000000690800000|  0%| F|  |TAMS 0x0000000690400000| PB 0x0000000690400000| Untracked 
|  47|0x0000000690800000, 0x0000000690800000, 0x0000000690c00000|  0%| F|  |TAMS 0x0000000690800000| PB 0x0000000690800000| Untracked 
|  48|0x0000000690c00000, 0x0000000690c00000, 0x0000000691000000|  0%| F|  |TAMS 0x0000000690c00000| PB 0x0000000690c00000| Untracked 
|  49|0x0000000691000000, 0x0000000691000000, 0x0000000691400000|  0%| F|  |TAMS 0x0000000691000000| PB 0x0000000691000000| Untracked 
|  50|0x0000000691400000, 0x0000000691400000, 0x0000000691800000|  0%| F|  |TAMS 0x0000000691400000| PB 0x0000000691400000| Untracked 
|  51|0x0000000691800000, 0x0000000691800000, 0x0000000691c00000|  0%| F|  |TAMS 0x0000000691800000| PB 0x0000000691800000| Untracked 
|  52|0x0000000691c00000, 0x0000000691c00000, 0x0000000692000000|  0%| F|  |TAMS 0x0000000691c00000| PB 0x0000000691c00000| Untracked 
|  53|0x0000000692000000, 0x0000000692000000, 0x0000000692400000|  0%| F|  |TAMS 0x0000000692000000| PB 0x0000000692000000| Untracked 
|  54|0x0000000692400000, 0x0000000692400000, 0x0000000692800000|  0%| F|  |TAMS 0x0000000692400000| PB 0x0000000692400000| Untracked 
|  55|0x0000000692800000, 0x0000000692800000, 0x0000000692c00000|  0%| F|  |TAMS 0x0000000692800000| PB 0x0000000692800000| Untracked 
|  56|0x0000000692c00000, 0x0000000692c00000, 0x0000000693000000|  0%| F|  |TAMS 0x0000000692c00000| PB 0x0000000692c00000| Untracked 
|  57|0x0000000693000000, 0x0000000693000000, 0x0000000693400000|  0%| F|  |TAMS 0x0000000693000000| PB 0x0000000693000000| Untracked 
|  58|0x0000000693400000, 0x0000000693400000, 0x0000000693800000|  0%| F|  |TAMS 0x0000000693400000| PB 0x0000000693400000| Untracked 
|  59|0x0000000693800000, 0x0000000693800000, 0x0000000693c00000|  0%| F|  |TAMS 0x0000000693800000| PB 0x0000000693800000| Untracked 
|  60|0x0000000693c00000, 0x0000000693c00000, 0x0000000694000000|  0%| F|  |TAMS 0x0000000693c00000| PB 0x0000000693c00000| Untracked 
|  61|0x0000000694000000, 0x0000000694000000, 0x0000000694400000|  0%| F|  |TAMS 0x0000000694000000| PB 0x0000000694000000| Untracked 
|  62|0x0000000694400000, 0x0000000694400000, 0x0000000694800000|  0%| F|  |TAMS 0x0000000694400000| PB 0x0000000694400000| Untracked 
|  63|0x0000000694800000, 0x0000000694800000, 0x0000000694c00000|  0%| F|  |TAMS 0x0000000694800000| PB 0x0000000694800000| Untracked 
|  64|0x0000000694c00000, 0x0000000694c00000, 0x0000000695000000|  0%| F|  |TAMS 0x0000000694c00000| PB 0x0000000694c00000| Untracked 
|  65|0x0000000695000000, 0x0000000695000000, 0x0000000695400000|  0%| F|  |TAMS 0x0000000695000000| PB 0x0000000695000000| Untracked 
|  66|0x0000000695400000, 0x0000000695400000, 0x0000000695800000|  0%| F|  |TAMS 0x0000000695400000| PB 0x0000000695400000| Untracked 
|  67|0x0000000695800000, 0x0000000695800000, 0x0000000695c00000|  0%| F|  |TAMS 0x0000000695800000| PB 0x0000000695800000| Untracked 
|  68|0x0000000695c00000, 0x0000000695c00000, 0x0000000696000000|  0%| F|  |TAMS 0x0000000695c00000| PB 0x0000000695c00000| Untracked 
|  69|0x0000000696000000, 0x0000000696000000, 0x0000000696400000|  0%| F|  |TAMS 0x0000000696000000| PB 0x0000000696000000| Untracked 
|  70|0x0000000696400000, 0x0000000696400000, 0x0000000696800000|  0%| F|  |TAMS 0x0000000696400000| PB 0x0000000696400000| Untracked 
|  71|0x0000000696800000, 0x0000000696800000, 0x0000000696c00000|  0%| F|  |TAMS 0x0000000696800000| PB 0x0000000696800000| Untracked 
|  72|0x0000000696c00000, 0x0000000696c00000, 0x0000000697000000|  0%| F|  |TAMS 0x0000000696c00000| PB 0x0000000696c00000| Untracked 
|  73|0x0000000697000000, 0x0000000697000000, 0x0000000697400000|  0%| F|  |TAMS 0x0000000697000000| PB 0x0000000697000000| Untracked 
|  74|0x0000000697400000, 0x0000000697400000, 0x0000000697800000|  0%| F|  |TAMS 0x0000000697400000| PB 0x0000000697400000| Untracked 
|  75|0x0000000697800000, 0x0000000697800000, 0x0000000697c00000|  0%| F|  |TAMS 0x0000000697800000| PB 0x0000000697800000| Untracked 
|  76|0x0000000697c00000, 0x0000000697c00000, 0x0000000698000000|  0%| F|  |TAMS 0x0000000697c00000| PB 0x0000000697c00000| Untracked 
|  77|0x0000000698000000, 0x0000000698000000, 0x0000000698400000|  0%| F|  |TAMS 0x0000000698000000| PB 0x0000000698000000| Untracked 
|  78|0x0000000698400000, 0x0000000698400000, 0x0000000698800000|  0%| F|  |TAMS 0x0000000698400000| PB 0x0000000698400000| Untracked 
|  79|0x0000000698800000, 0x0000000698800000, 0x0000000698c00000|  0%| F|  |TAMS 0x0000000698800000| PB 0x0000000698800000| Untracked 
|  80|0x0000000698c00000, 0x0000000698c00000, 0x0000000699000000|  0%| F|  |TAMS 0x0000000698c00000| PB 0x0000000698c00000| Untracked 
|  81|0x0000000699000000, 0x0000000699000000, 0x0000000699400000|  0%| F|  |TAMS 0x0000000699000000| PB 0x0000000699000000| Untracked 
|  82|0x0000000699400000, 0x0000000699400000, 0x0000000699800000|  0%| F|  |TAMS 0x0000000699400000| PB 0x0000000699400000| Untracked 
|  83|0x0000000699800000, 0x0000000699800000, 0x0000000699c00000|  0%| F|  |TAMS 0x0000000699800000| PB 0x0000000699800000| Untracked 
|  84|0x0000000699c00000, 0x0000000699c00000, 0x000000069a000000|  0%| F|  |TAMS 0x0000000699c00000| PB 0x0000000699c00000| Untracked 
|  85|0x000000069a000000, 0x000000069a000000, 0x000000069a400000|  0%| F|  |TAMS 0x000000069a000000| PB 0x000000069a000000| Untracked 
|  86|0x000000069a400000, 0x000000069a400000, 0x000000069a800000|  0%| F|  |TAMS 0x000000069a400000| PB 0x000000069a400000| Untracked 
|  87|0x000000069a800000, 0x000000069a800000, 0x000000069ac00000|  0%| F|  |TAMS 0x000000069a800000| PB 0x000000069a800000| Untracked 
|  88|0x000000069ac00000, 0x000000069ac00000, 0x000000069b000000|  0%| F|  |TAMS 0x000000069ac00000| PB 0x000000069ac00000| Untracked 
|  89|0x000000069b000000, 0x000000069b000000, 0x000000069b400000|  0%| F|  |TAMS 0x000000069b000000| PB 0x000000069b000000| Untracked 
|  90|0x000000069b400000, 0x000000069b400000, 0x000000069b800000|  0%| F|  |TAMS 0x000000069b400000| PB 0x000000069b400000| Untracked 
|  91|0x000000069b800000, 0x000000069b800000, 0x000000069bc00000|  0%| F|  |TAMS 0x000000069b800000| PB 0x000000069b800000| Untracked 
|  92|0x000000069bc00000, 0x000000069bc00000, 0x000000069c000000|  0%| F|  |TAMS 0x000000069bc00000| PB 0x000000069bc00000| Untracked 
|  93|0x000000069c000000, 0x000000069c1e96d0, 0x000000069c400000| 47%| E|  |TAMS 0x000000069c000000| PB 0x000000069c000000| Complete 
|  94|0x000000069c400000, 0x000000069c800000, 0x000000069c800000|100%| E|CS|TAMS 0x000000069c400000| PB 0x000000069c400000| Complete 

Card table byte_map: [0x000001fb9a780000,0x000001fb9b360000] _byte_map_base: 0x000001fb9735a000

Marking Bits: (CMBitMap*) 0x000001fb8779f420
 Bits: [0x000001fb9b360000, 0x000001fba1230000)

Polling page: 0x000001fb86ee0000

Metaspace:

Usage:
  Non-class:      8.01 MB used.
      Class:    802.05 KB used.
       Both:      8.79 MB used.

Virtual space:
  Non-class space:       64.00 MB reserved,       8.06 MB ( 13%) committed,  1 nodes.
      Class space:        1.00 GB reserved,     896.00 KB ( <1%) committed,  1 nodes.
             Both:        1.06 GB reserved,       8.94 MB ( <1%) committed. 

Chunk freelists:
   Non-Class:  7.92 MB
       Class:  15.10 MB
        Both:  23.02 MB

MaxMetaspaceSize: unlimited
CompressedClassSpaceSize: 1.00 GB
Initial GC threshold: 21.00 MB
Current GC threshold: 21.00 MB
CDS: off
 - commit_granule_bytes: 65536.
 - commit_granule_words: 8192.
 - virtual_space_node_default_size: 8388608.
 - enlarge_chunks_in_place: 1.
 - use_allocation_guard: 0.


Internal statistics:

num_allocs_failed_limit: 0.
num_arena_births: 24.
num_arena_deaths: 0.
num_vsnodes_births: 2.
num_vsnodes_deaths: 0.
num_space_committed: 143.
num_space_uncommitted: 0.
num_chunks_returned_to_freelist: 0.
num_chunks_taken_from_freelist: 62.
num_chunk_merges: 0.
num_chunk_splits: 28.
num_chunks_enlarged: 15.
num_inconsistent_stats: 0.

CodeHeap 'non-profiled nmethods': size=120000Kb used=114Kb max_used=114Kb free=119886Kb
 bounds [0x000001fb92330000, 0x000001fb925a0000, 0x000001fb99860000]
CodeHeap 'profiled nmethods': size=120000Kb used=495Kb max_used=495Kb free=119504Kb
 bounds [0x000001fb8a860000, 0x000001fb8aad0000, 0x000001fb91d90000]
CodeHeap 'non-nmethods': size=5760Kb used=1455Kb max_used=1473Kb free=4304Kb
 bounds [0x000001fb91d90000, 0x000001fb92000000, 0x000001fb92330000]
 total_blobs=811 nmethods=360 adapters=356
 compilation: enabled
              stopped_count=0, restarted_count=0
 full_count=0

Compilation events (20 events):
Event: 0.364 Thread 0x000001fba80991d0 nmethod 348 0x000001fb8a8d6d90 code [0x000001fb8a8d6f80, 0x000001fb8a8d73a8]
Event: 0.364 Thread 0x000001fba80991d0  349       3       java.lang.Class::getPackageName (81 bytes)
Event: 0.366 Thread 0x000001fba80991d0 nmethod 349 0x000001fb8a8d7490 code [0x000001fb8a8d7720, 0x000001fb8a8d81b8]
Event: 0.368 Thread 0x000001fba80991d0  350       3       java.lang.AbstractStringBuilder::newCapacity (59 bytes)
Event: 0.368 Thread 0x000001fba80991d0 nmethod 350 0x000001fb8a8d8590 code [0x000001fb8a8d8760, 0x000001fb8a8d8b60]
Event: 0.369 Thread 0x000001fba80991d0  351       1       java.util.zip.Inflater$InflaterZStreamRef::address (5 bytes)
Event: 0.369 Thread 0x000001fba80991d0 nmethod 351 0x000001fb9234be10 code [0x000001fb9234bfa0, 0x000001fb9234c068]
Event: 0.370 Thread 0x000001fba80991d0  352       3       jdk.internal.util.ArraysSupport::mismatch (103 bytes)
Event: 0.370 Thread 0x000001fba80991d0 nmethod 352 0x000001fb8a8d8d10 code [0x000001fb8a8d8ee0, 0x000001fb8a8d9310]
Event: 0.373 Thread 0x000001fba80991d0  353       3       java.io.RandomAccessFile::read (8 bytes)
Event: 0.373 Thread 0x000001fba80991d0 nmethod 353 0x000001fb8a8d9510 code [0x000001fb8a8d96c0, 0x000001fb8a8d97f8]
Event: 0.373 Thread 0x000001fba80991d0  354   !   3       java.io.RandomAccessFile::readBytes (32 bytes)
Event: 0.373 Thread 0x000001fba80991d0 nmethod 354 0x000001fb8a8d9890 code [0x000001fb8a8d9a60, 0x000001fb8a8d9c88]
Event: 0.377 Thread 0x000001fba80991d0  356       3       jdk.internal.misc.Unsafe::allocateUninitializedArray (55 bytes)
Event: 0.377 Thread 0x000001fba80991d0 nmethod 356 0x000001fb8a8d9e10 code [0x000001fb8a8da000, 0x000001fb8a8da458]
Event: 0.378 Thread 0x000001fba80991d0  357       3       java.lang.String::lastIndexOf (29 bytes)
Event: 0.378 Thread 0x000001fba80991d0 nmethod 357 0x000001fb8a8da610 code [0x000001fb8a8da7e0, 0x000001fb8a8daa90]
Event: 0.379 Thread 0x000001fba80991d0  358       3       java.lang.String::lastIndexOf (12 bytes)
Event: 0.379 Thread 0x000001fba80991d0 nmethod 358 0x000001fb8a8dab90 code [0x000001fb8a8dad80, 0x000001fb8a8db180]
Event: 0.379 Thread 0x000001fba80991d0  359       3       java.lang.String::startsWith (123 bytes)

GC Heap History (0 events):
No events

Dll operation events (2 events):
Event: 0.007 Loaded shared library C:\Program Files\Android\Android Studio\jbr\bin\java.dll
Event: 0.017 Loaded shared library C:\Program Files\Android\Android Studio\jbr\bin\zip.dll

Deoptimization events (4 events):
Event: 0.341 Thread 0x000001fb855dc910 Uncommon trap: trap_request=0xffffff45 fr.pc=0x000001fb92335a14 relative=0x0000000000000974
Event: 0.341 Thread 0x000001fb855dc910 Uncommon trap: reason=unstable_if action=reinterpret pc=0x000001fb92335a14 method=java.util.zip.ZipFile$Source.checkAndAddEntry(II)I @ 128 c2
Event: 0.342 Thread 0x000001fb855dc910 DEOPT PACKING pc=0x000001fb92335a14 sp=0x00000001bf4fd830
Event: 0.342 Thread 0x000001fb855dc910 DEOPT UNPACKING pc=0x000001fb91de7da2 sp=0x00000001bf4fd7a0 mode 2

Classes loaded (20 events):
Event: 0.365 Loading class java/util/concurrent/atomic/AtomicBoolean
Event: 0.365 Loading class java/util/concurrent/atomic/AtomicBoolean done
Event: 0.365 Loading class java/lang/invoke/VarHandleInts$FieldInstanceReadWrite
Event: 0.365 Loading class java/lang/invoke/VarHandleInts$FieldInstanceReadOnly
Event: 0.366 Loading class java/lang/invoke/VarHandleInts$FieldInstanceReadOnly done
Event: 0.366 Loading class java/lang/invoke/VarHandleInts$FieldInstanceReadWrite done
Event: 0.366 Loading class java/util/concurrent/CountDownLatch
Event: 0.366 Loading class java/util/concurrent/CountDownLatch done
Event: 0.366 Loading class java/util/concurrent/CountDownLatch$Sync
Event: 0.366 Loading class java/util/concurrent/CountDownLatch$Sync done
Event: 0.368 Loading class java/util/concurrent/CancellationException
Event: 0.368 Loading class java/util/concurrent/CancellationException done
Event: 0.375 Loading class java/util/concurrent/atomic/AtomicReferenceFieldUpdater
Event: 0.375 Loading class java/util/concurrent/atomic/AtomicReferenceFieldUpdater done
Event: 0.375 Loading class java/util/concurrent/atomic/AtomicReferenceFieldUpdater$AtomicReferenceFieldUpdaterImpl
Event: 0.375 Loading class java/util/concurrent/atomic/AtomicReferenceFieldUpdater$AtomicReferenceFieldUpdaterImpl done
Event: 0.375 Loading class java/util/concurrent/atomic/AtomicReferenceFieldUpdater$AtomicReferenceFieldUpdaterImpl$1
Event: 0.375 Loading class java/util/concurrent/atomic/AtomicReferenceFieldUpdater$AtomicReferenceFieldUpdaterImpl$1 done
Event: 0.376 Loading class sun/reflect/misc/ReflectUtil
Event: 0.376 Loading class sun/reflect/misc/ReflectUtil done

Classes unloaded (0 events):
No events

Classes redefined (0 events):
No events

Internal exceptions (2 events):
Event: 0.354 Thread 0x000001fb855dc910 Exception <a 'java/lang/NoSuchMethodError'{0x000000069c109600}: 'void java.lang.invoke.DirectMethodHandle$Holder.invokeStatic(java.lang.Object, java.lang.Object)'> (0x000000069c109600) 
thrown [s\src\hotspot\share\interpreter\linkResolver.cpp, line 784]
Event: 0.355 Thread 0x000001fb855dc910 Exception <a 'java/lang/NoSuchMethodError'{0x000000069c10d2b0}: 'void java.lang.invoke.DirectMethodHandle$Holder.invokeSpecial(java.lang.Object, java.lang.Object, java.lang.Object)'> (0x000000069c10d2b0) 
thrown [s\src\hotspot\share\interpreter\linkResolver.cpp, line 784]

ZGC Phase Switch (0 events):
No events

VM Operations (8 events):
Event: 0.162 Executing VM operation: HandshakeAllThreads (Deoptimize)
Event: 0.162 Executing VM operation: HandshakeAllThreads (Deoptimize) done
Event: 0.329 Executing VM operation: HandshakeAllThreads (Deoptimize)
Event: 0.329 Executing VM operation: HandshakeAllThreads (Deoptimize) done
Event: 0.366 Executing VM operation: HandshakeAllThreads (Deoptimize)
Event: 0.366 Executing VM operation: HandshakeAllThreads (Deoptimize) done
Event: 0.366 Executing VM operation: HandshakeAllThreads (Deoptimize)
Event: 0.366 Executing VM operation: HandshakeAllThreads (Deoptimize) done

Memory protections (0 events):
No events

Nmethod flushes (0 events):
No events

Events (16 events):
Event: 0.015 Thread 0x000001fb855dc910 Thread added: 0x000001fb855dc910
Event: 0.078 Thread 0x000001fb855dc910 Thread added: 0x000001fba80768b0
Event: 0.078 Thread 0x000001fb855dc910 Thread added: 0x000001fba80778c0
Event: 0.079 Thread 0x000001fb855dc910 Thread added: 0x000001fba808c510
Event: 0.079 Thread 0x000001fb855dc910 Thread added: 0x000001fba808fd00
Event: 0.079 Thread 0x000001fb855dc910 Thread added: 0x000001fba8093780
Event: 0.079 Thread 0x000001fb855dc910 Thread added: 0x000001fba80941e0
Event: 0.080 Thread 0x000001fb855dc910 Thread added: 0x000001fba8095710
Event: 0.080 Thread 0x000001fb855dc910 Thread added: 0x000001fba80991d0
Event: 0.119 Thread 0x000001fb855dc910 Thread added: 0x000001fba823dc30
Event: 0.127 Thread 0x000001fb855dc910 Thread added: 0x000001fba8242880
Event: 0.136 Loaded shared library C:\Program Files\Android\Android Studio\jbr\bin\net.dll
Event: 0.139 Loaded shared library C:\Program Files\Android\Android Studio\jbr\bin\nio.dll
Event: 0.154 Thread 0x000001fba8095710 Thread added: 0x000001fba828a3d0
Event: 0.166 Loaded shared library C:\Program Files\Android\Android Studio\jbr\bin\zip.dll
Event: 0.246 Loaded shared library C:\Program Files\Android\Android Studio\jbr\bin\jimage.dll


Dynamic libraries:
0x00007ff7ac880000 - 0x00007ff7ac88a000 	C:\Program Files\Android\Android Studio\jbr\bin\java.exe
0x00007ff84c370000 - 0x00007ff84c587000 	C:\WINDOWS\SYSTEM32\ntdll.dll
0x00007ff84b1a0000 - 0x00007ff84b264000 	C:\WINDOWS\System32\KERNEL32.DLL
0x00007ff8497d0000 - 0x00007ff849ba3000 	C:\WINDOWS\System32\KERNELBASE.dll
0x00007ff8496b0000 - 0x00007ff8497c1000 	C:\WINDOWS\System32\ucrtbase.dll
0x00007fffd4000000 - 0x00007fffd401b000 	C:\Program Files\Android\Android Studio\jbr\bin\VCRUNTIME140.dll
0x00007ff81d240000 - 0x00007ff81d258000 	C:\Program Files\Android\Android Studio\jbr\bin\jli.dll
0x00007ff84b3b0000 - 0x00007ff84b561000 	C:\WINDOWS\System32\USER32.dll
0x00007ff849490000 - 0x00007ff8494b6000 	C:\WINDOWS\System32\win32u.dll
0x00007ff832eb0000 - 0x00007ff833148000 	C:\WINDOWS\WinSxS\amd64_microsoft.windows.common-controls_6595b64144ccf1df_6.0.22621.5124_none_270e8f4f7386d69d\COMCTL32.dll
0x00007ff84c300000 - 0x00007ff84c329000 	C:\WINDOWS\System32\GDI32.dll
0x00007ff849c70000 - 0x00007ff849d8b000 	C:\WINDOWS\System32\gdi32full.dll
0x00007ff84b940000 - 0x00007ff84b9e7000 	C:\WINDOWS\System32\msvcrt.dll
0x00007ff849f80000 - 0x00007ff84a01a000 	C:\WINDOWS\System32\msvcp_win.dll
0x00007ff84ab30000 - 0x00007ff84ab61000 	C:\WINDOWS\System32\IMM32.DLL
0x00007ffff6580000 - 0x00007ffff658c000 	C:\Program Files\Android\Android Studio\jbr\bin\vcruntime140_1.dll
0x00007ff816c30000 - 0x00007ff816cbd000 	C:\Program Files\Android\Android Studio\jbr\bin\msvcp140.dll
0x00007fffc6ac0000 - 0x00007fffc7743000 	C:\Program Files\Android\Android Studio\jbr\bin\server\jvm.dll
0x00007ff84b270000 - 0x00007ff84b321000 	C:\WINDOWS\System32\ADVAPI32.dll
0x00007ff84b830000 - 0x00007ff84b8d8000 	C:\WINDOWS\System32\sechost.dll
0x00007ff849680000 - 0x00007ff8496a8000 	C:\WINDOWS\System32\bcrypt.dll
0x00007ff84aa10000 - 0x00007ff84ab24000 	C:\WINDOWS\System32\RPCRT4.dll
0x00007ff84b120000 - 0x00007ff84b191000 	C:\WINDOWS\System32\WS2_32.dll
0x00007ff8482e0000 - 0x00007ff84832d000 	C:\WINDOWS\SYSTEM32\POWRPROF.dll
0x00007ff844a70000 - 0x00007ff844aa4000 	C:\WINDOWS\SYSTEM32\WINMM.dll
0x00007ff8413c0000 - 0x00007ff8413ca000 	C:\WINDOWS\SYSTEM32\VERSION.dll
0x00007ff8482c0000 - 0x00007ff8482d3000 	C:\WINDOWS\SYSTEM32\UMPDC.dll
0x00007ff848580000 - 0x00007ff848598000 	C:\WINDOWS\SYSTEM32\kernel.appcore.dll
0x00007ffff5320000 - 0x00007ffff532a000 	C:\Program Files\Android\Android Studio\jbr\bin\jimage.dll
0x00007ff846d80000 - 0x00007ff846fb2000 	C:\WINDOWS\SYSTEM32\DBGHELP.DLL
0x00007ff84a550000 - 0x00007ff84a8e2000 	C:\WINDOWS\System32\combase.dll
0x00007ff84abf0000 - 0x00007ff84acc7000 	C:\WINDOWS\System32\OLEAUT32.dll
0x00007ff83b880000 - 0x00007ff83b8b2000 	C:\WINDOWS\SYSTEM32\dbgcore.DLL
0x00007ff849d90000 - 0x00007ff849e0b000 	C:\WINDOWS\System32\bcryptPrimitives.dll
0x00007fffd2340000 - 0x00007fffd2360000 	C:\Program Files\Android\Android Studio\jbr\bin\java.dll
0x00007fffc8720000 - 0x00007fffc8738000 	C:\Program Files\Android\Android Studio\jbr\bin\zip.dll
0x00007ff84ba60000 - 0x00007ff84c2f6000 	C:\WINDOWS\System32\SHELL32.dll
0x00007ff849540000 - 0x00007ff84967f000 	C:\WINDOWS\System32\wintypes.dll
0x00007ff847370000 - 0x00007ff847c8a000 	C:\WINDOWS\SYSTEM32\windows.storage.dll
0x00007ff84a8f0000 - 0x00007ff84a9fa000 	C:\WINDOWS\System32\SHCORE.dll
0x00007ff84b330000 - 0x00007ff84b393000 	C:\WINDOWS\System32\shlwapi.dll
0x00007ff8493c0000 - 0x00007ff8493eb000 	C:\WINDOWS\SYSTEM32\profapi.dll
0x00007ffff38a0000 - 0x00007ffff38b0000 	C:\Program Files\Android\Android Studio\jbr\bin\net.dll
0x00007ff845c20000 - 0x00007ff845d4c000 	C:\WINDOWS\SYSTEM32\WINHTTP.dll
0x00007ff848a10000 - 0x00007ff848a7a000 	C:\WINDOWS\system32\mswsock.dll
0x00007fffc8420000 - 0x00007fffc8436000 	C:\Program Files\Android\Android Studio\jbr\bin\nio.dll

dbghelp: loaded successfully - version: 4.0.5 - missing functions: none
symbol engine: initialized successfully - sym options: 0x614 - pdb path: .;C:\Program Files\Android\Android Studio\jbr\bin;C:\WINDOWS\SYSTEM32;C:\WINDOWS\WinSxS\amd64_microsoft.windows.common-controls_6595b64144ccf1df_6.0.22621.5124_none_270e8f4f7386d69d;C:\Program Files\Android\Android Studio\jbr\bin\server

VM Arguments:
jvm_args: -Djava.awt.headless=true -Djava.util.logging.config.file=C:\Users\Asus\.android\utp\logging12317260189972890609properties -Dfile.encoding=UTF-8 
java_command: com.google.testing.platform.launcher.Launcher C:\Users\Asus\.gradle\caches\modules-2\files-2.1\com.google.testing.platform\core\0.0.9-alpha02\8d72767495b76dfdfe1a4f02bab67cb035da816d\core-0.0.9-alpha02.jar --proto_config=C:\Users\Asus\.android\utp\runnerConfig14712575762638757876.pb --proto_server_config=C:\Users\Asus\.android\utp\serverConfig2250639851272985371.pb
java_class_path (initial): C:\Users\Asus\.gradle\caches\modules-2\files-2.1\com.google.testing.platform\launcher\0.0.9-alpha02\f43549bd43bd4df370cfa9bcf93793e7b9cb217\launcher-0.0.9-alpha02.jar
Launcher Type: SUN_STANDARD

[Global flags]
     intx CICompilerCount                          = 4                                         {product} {ergonomic}
     uint ConcGCThreads                            = 2                                         {product} {ergonomic}
     uint G1ConcRefinementThreads                  = 8                                         {product} {ergonomic}
   size_t G1HeapRegionSize                         = 4194304                                   {product} {ergonomic}
    uintx GCDrainStackTargetSize                   = 64                                        {product} {ergonomic}
   size_t InitialHeapSize                          = 398458880                                 {product} {ergonomic}
   size_t MarkStackSize                            = 4194304                                   {product} {ergonomic}
   size_t MaxHeapSize                              = 6362759168                                {product} {ergonomic}
   size_t MaxNewSize                               = 3816816640                                {product} {ergonomic}
   size_t MinHeapDeltaBytes                        = 4194304                                   {product} {ergonomic}
   size_t MinHeapSize                              = 8388608                                   {product} {ergonomic}
    uintx NonNMethodCodeHeapSize                   = 5839372                                {pd product} {ergonomic}
    uintx NonProfiledCodeHeapSize                  = 122909434                              {pd product} {ergonomic}
    uintx ProfiledCodeHeapSize                     = 122909434                              {pd product} {ergonomic}
    uintx ReservedCodeCacheSize                    = 251658240                              {pd product} {ergonomic}
     bool SegmentedCodeCache                       = true                                      {product} {ergonomic}
   size_t SoftMaxHeapSize                          = 6362759168                             {manageable} {ergonomic}
     bool UseCompressedOops                        = true                           {product lp64_product} {ergonomic}
     bool UseG1GC                                  = true                                      {product} {ergonomic}
     bool UseLargePagesIndividualAllocation        = false                                  {pd product} {ergonomic}

Logging:
Log output configuration:
 #0: stdout all=warning uptime,level,tags foldmultilines=false
 #1: stderr all=off uptime,level,tags foldmultilines=false

Environment Variables:
JAVA_HOME=C:\Program Files\Java\jdk-20
PATH=C:\Program Files\Common Files\Oracle\Java\javapath;C:\Windows\system32;C:\Windows;C:\Windows\System32\Wbem;C:\Windows\System32\WindowsPowerShell\v1.0\;C:\Windows\System32\OpenSSH\;C:\Program Files (x86)\NVIDIA Corporation\PhysX\Common;C:\Program Files\NVIDIA Corporation\NVIDIA NvDLISR;C:\Program Files\MinGW\MinGW\bin;C:\Program Files\C\MinGW\bin;C:\WINDOWS\system32;C:\WINDOWS;C:\WINDOWS\System32\Wbem;C:\WINDOWS\System32\WindowsPowerShell\v1.0\;C:\WINDOWS\System32\OpenSSH\;C:\Program Files\Git\cmd;C:\Program Files\Java\jdk-20\bin;C:\Program Files (x86)\Microsoft SQL Server\160\DTS\Binn\;C:\Program Files\Azure Data Studio\bin;C:\Program Files\Microsoft SQL Server\Client SDK\ODBC\170\Tools\Binn\;C:\Program Files (x86)\Microsoft SQL Server\150\Tools\Binn\;C:\Program Files\Microsoft SQL Server\150\Tools\Binn\;C:\Program Files\Microsoft SQL Server\150\DTS\Binn\;C:\Program Files (x86)\Microsoft SQL Server\160\Tools\Binn\;C:\Program Files\Microsoft SQL Server\160\Tools\Binn\;C:\Program Files\Microsoft SQL Server\160\DTS\Binn\;C:\Users\Asus\Downloads\node-v20.17.0-win-x64\node-v20.17.0-win-x64;C:\tools\php-8.3.13-Win32-vs16-x64;C:\ProgramData\ComposerSetup\bin;C:\tools\mariadb-11.4.3-winx64\bin;C:\Program Files\Android\Android Studio\plugins\Kotlin\kotlinc\bin;;C:\Program Files\Docker\Docker\resources\bin;C:\Users\Asus\AppData\Local\Programs\Python\Python312\Scripts\;C:\Users\Asus\AppData\Local\Programs\Python\Python312\;C:\Users\Asus\AppData\Local\Programs\Python\Launcher\;C:\Users\Asus\AppData\Local\Microsoft\WindowsApps;C:\Program Files\MinGW\MinGW\bin;C:\Users\Asus\AppData\Local\Programs\Microsoft VS Code\bin;C:\Program Files\Azure Data Studio\bin;C:\Users\Asus\AppData\Local\GitHubDesktop\bin;C:\Users\Asus\AppData\Roaming\Composer\vendor\bin;C:\Program Files\JetBrains\IntelliJ IDEA Community Edition 2024.2.4\bin;
USERNAME=Asus
OS=Windows_NT
PROCESSOR_IDENTIFIER=Intel64 Family 6 Model 140 Stepping 1, GenuineIntel
TMP=C:\Users\Asus\AppData\Local\Temp
TEMP=C:\Users\Asus\AppData\Local\Temp




Periodic native trim disabled

JNI global refs:
JNI global refs: 8, weak refs: 0

JNI global refs memory usage: 835, weak refs: 201

Process memory usage:
Resident Set Size: 45928K (0% of 24852740K total physical memory with 4052048K free physical memory)

OOME stack traces (most recent first):
Classloader memory used:
Loader bootstrap                                                                       : 8802K
Loader jdk.internal.loader.ClassLoaders$AppClassLoader                                 : 183K
Loader java.net.URLClassLoader                                                         : 19904B

---------------  S Y S T E M  ---------------

OS:
 Windows 11 , 64 bit Build 22621 (10.0.22621.5124)
OS uptime: 0 days 3:17 hours
Hyper-V role detected

CPU: total 8 (initial active 8) (4 cores per cpu, 2 threads per core) family 6 model 140 stepping 1 microcode 0x86, cx8, cmov, fxsr, ht, mmx, 3dnowpref, sse, sse2, sse3, ssse3, sse4.1, sse4.2, popcnt, lzcnt, tsc, tscinvbit, avx, avx2, aes, erms, clmul, bmi1, bmi2, adx, avx512f, avx512dq, avx512cd, avx512bw, avx512vl, sha, fma, vzeroupper, avx512_vpopcntdq, avx512_vpclmulqdq, avx512_vaes, avx512_vnni, clflush, clflushopt, clwb, avx512_vbmi2, avx512_vbmi, hv, rdtscp, rdpid, fsrm, gfni, avx512_bitalg, f16c, cet_ibt, cet_ss, avx512_ifma
Processor Information for all 8 processors :
  Max Mhz: 2419, Current Mhz: 2419, Mhz Limit: 2419

Memory: 4k page, system-wide physical 24270M (3957M free)
TotalPageFile size 24270M (AvailPageFile size 6M)
current process WorkingSet (physical memory assigned to process): 44M, peak: 44M
current process commit charge ("private bytes"): 465M, peak: 466M

vm_info: OpenJDK 64-Bit Server VM (21.0.4+-12508038-b607.1) for windows-amd64 JRE (21.0.4+-12508038-b607.1), built on 2024-10-16T17:23:34Z by "builder" with MS VC++ 16.10 / 16.11 (VS2019)

END.
