#
# There is insufficient memory for the Java Runtime Environment to continue.
# Native memory allocation (mmap) failed to map 398458880 bytes. Error detail: G1 virtual space
# Possible reasons:
#   The system is out of physical RAM or swap space
#   This process is running with CompressedOops enabled, and the Java Heap may be blocking the growth of the native heap
# Possible solutions:
#   Reduce memory load on the system
#   Increase physical memory or swap space
#   Check if swap backing store is full
#   Decrease Java heap size (-Xmx/-Xms)
#   Decrease number of Java threads
#   Decrease Java thread stack sizes (-Xss)
#   Set larger code cache with -XX:ReservedCodeCacheSize=
#   JVM is running with Zero Based Compressed Oops mode in which the Java heap is
#     placed in the first 32GB address space. The Java Heap base address is the
#     maximum limit for the native heap growth. Please use -XX:HeapBaseMinAddress
#     to set the Java Heap base and to place the Java Heap above 32GB virtual address.
# This output file may be truncated or incomplete.
#
#  Out of Memory Error (os_windows.cpp:3828), pid=9172, tid=1612
#
# JRE version:  (21.0.4) (build )
# Java VM: OpenJDK 64-Bit Server VM (21.0.4+-12508038-b607.1, mixed mode, sharing, tiered, compressed oops, compressed class ptrs, g1 gc, windows-amd64)
# No core dump will be written. Minidumps are not enabled by default on client versions of Windows
#

---------------  S U M M A R Y ------------

Command Line: -Djava.awt.headless=true -Djava.util.logging.config.file=C:\Users\Asus\.android\utp\logging5792979022761491877properties -Dfile.encoding=UTF-8 com.google.testing.platform.launcher.Launcher C:\Users\Asus\.gradle\caches\modules-2\files-2.1\com.google.testing.platform\core\0.0.9-alpha02\8d72767495b76dfdfe1a4f02bab67cb035da816d\core-0.0.9-alpha02.jar --proto_config=C:\Users\Asus\.android\utp\runnerConfig17346196878901949782.pb --proto_server_config=C:\Users\Asus\.android\utp\serverConfig2706115108225309486.pb

Host: 11th Gen Intel(R) Core(TM) i5-1135G7 @ 2.40GHz, 8 cores, 23G,  Windows 11 , 64 bit Build 22621 (10.0.22621.5124)
Time: Sat Apr  5 16:11:06 2025 SE Asia Standard Time elapsed time: 0.031478 seconds (0d 0h 0m 0s)

---------------  T H R E A D  ---------------

Current thread (0x000002a7c588fe00):  JavaThread "Unknown thread" [_thread_in_vm, id=1612, stack(0x000000f20b300000,0x000000f20b400000) (1024K)]

Stack: [0x000000f20b300000,0x000000f20b400000]
Native frames: (J=compiled Java code, j=interpreted, Vv=VM code, C=native code)
V  [jvm.dll+0x6ce539]
V  [jvm.dll+0x85bf03]
V  [jvm.dll+0x85e45e]
V  [jvm.dll+0x85eb43]
V  [jvm.dll+0x27dd06]
V  [jvm.dll+0x6cada5]
V  [jvm.dll+0x6bf27a]
V  [jvm.dll+0x3541fb]
V  [jvm.dll+0x35be36]
V  [jvm.dll+0x3adbc6]
V  [jvm.dll+0x3ade98]
V  [jvm.dll+0x32691c]
V  [jvm.dll+0x32760b]
V  [jvm.dll+0x823959]
V  [jvm.dll+0x3bacf8]
V  [jvm.dll+0x80cd58]
V  [jvm.dll+0x44ef2e]
V  [jvm.dll+0x450691]
C  [jli.dll+0x52ab]
C  [ucrtbase.dll+0x29333]
C  [KERNEL32.DLL+0x1259d]
C  [ntdll.dll+0x5af38]


---------------  P R O C E S S  ---------------

Threads class SMR info:
_java_thread_list=0x00007fffc75fa808, length=0, elements={
}

Java Threads: ( => current thread )
Total: 0

Other Threads:
  0x000002a7c5bace90 WorkerThread "GC Thread#0"                     [id=10068, stack(0x000000f20b400000,0x000000f20b500000) (1024K)]
  0x000002a7c5bb9c00 ConcurrentGCThread "G1 Main Marker"            [id=20208, stack(0x000000f20b500000,0x000000f20b600000) (1024K)]
  0x000002a7c5bba710 WorkerThread "G1 Conc#0"                       [id=1064, stack(0x000000f20b600000,0x000000f20b700000) (1024K)]

[error occurred during error reporting (printing all threads), id 0xc0000005, EXCEPTION_ACCESS_VIOLATION (0xc0000005) at pc=0x00007fffc6df9957]
VM state: not at safepoint (not fully initialized)

VM Mutex/Monitor currently owned by a thread:  ([mutex/lock_event])
[0x00007fffc76673f8] Heap_lock - owner thread: 0x000002a7c588fe00

Heap address: 0x0000000684c00000, size: 6068 MB, Compressed Oops mode: Zero based, Oop shift amount: 3

CDS archive(s) mapped at: [0x0000000000000000-0x0000000000000000-0x0000000000000000), size 0, SharedBaseAddress: 0x0000000800000000, ArchiveRelocationMode: 1.
Narrow klass base: 0x0000000000000000, Narrow klass shift: 0, Narrow klass range: 0x0

GC Precious Log:
 CardTable entry size: 512
 Card Set container configuration: InlinePtr #cards 4 size 8 Array Of Cards #cards 32 size 80 Howl #buckets 8 coarsen threshold 7372 Howl Bitmap #cards 1024 size 144 coarsen threshold 921 Card regions per heap region 1 cards per card region 8192

Heap:
 garbage-first heap   total 0K, used 0K [0x0000000684c00000, 0x0000000800000000)
  region size 4096K, 0 young (0K), 0 survivors (0K)
 Metaspace       used 0K, committed 0K, reserved 0K
  class space    used 0K, committed 0K, reserved 0K

Heap Regions: E=young(eden), S=young(survivor), O=old, HS=humongous(starts), HC=humongous(continues), CS=collection set, F=free, TAMS=top-at-mark-start, PB=parsable bottom

Card table byte_map: [0x000002a7daa90000,0x000002a7db670000] _byte_map_base: 0x000002a7d766a000

Marking Bits: (CMBitMap*) 0x000002a7c5bad590
 Bits: [0x000002a7db670000, 0x000002a7e1540000)

GC Heap History (0 events):
No events

Dll operation events (1 events):
Event: 0.019 Loaded shared library C:\Program Files\Android\Android Studio\jbr\bin\java.dll

Deoptimization events (0 events):
No events

Classes loaded (0 events):
No events

Classes unloaded (0 events):
No events

Classes redefined (0 events):
No events

Internal exceptions (0 events):
No events

ZGC Phase Switch (0 events):
No events

VM Operations (0 events):
No events

Memory protections (0 events):
No events

Nmethod flushes (0 events):
No events

Events (0 events):
No events


Dynamic libraries:
0x00007ff7ac880000 - 0x00007ff7ac88a000 	C:\Program Files\Android\Android Studio\jbr\bin\java.exe
0x00007ff84c370000 - 0x00007ff84c587000 	C:\WINDOWS\SYSTEM32\ntdll.dll
0x00007ff84b1a0000 - 0x00007ff84b264000 	C:\WINDOWS\System32\KERNEL32.DLL
0x00007ff8497d0000 - 0x00007ff849ba3000 	C:\WINDOWS\System32\KERNELBASE.dll
0x00007ff8496b0000 - 0x00007ff8497c1000 	C:\WINDOWS\System32\ucrtbase.dll
0x00007ff81d240000 - 0x00007ff81d258000 	C:\Program Files\Android\Android Studio\jbr\bin\jli.dll
0x00007ff84b3b0000 - 0x00007ff84b561000 	C:\WINDOWS\System32\USER32.dll
0x00007ff849490000 - 0x00007ff8494b6000 	C:\WINDOWS\System32\win32u.dll
0x00007ff84c300000 - 0x00007ff84c329000 	C:\WINDOWS\System32\GDI32.dll
0x00007ff849c70000 - 0x00007ff849d8b000 	C:\WINDOWS\System32\gdi32full.dll
0x00007ff849f80000 - 0x00007ff84a01a000 	C:\WINDOWS\System32\msvcp_win.dll
0x00007ff832eb0000 - 0x00007ff833148000 	C:\WINDOWS\WinSxS\amd64_microsoft.windows.common-controls_6595b64144ccf1df_6.0.22621.5124_none_270e8f4f7386d69d\COMCTL32.dll
0x00007ff84b940000 - 0x00007ff84b9e7000 	C:\WINDOWS\System32\msvcrt.dll
0x00007fffd4000000 - 0x00007fffd401b000 	C:\Program Files\Android\Android Studio\jbr\bin\VCRUNTIME140.dll
0x00007ff84ab30000 - 0x00007ff84ab61000 	C:\WINDOWS\System32\IMM32.DLL
0x00007ffff6580000 - 0x00007ffff658c000 	C:\Program Files\Android\Android Studio\jbr\bin\vcruntime140_1.dll
0x00007ff816c30000 - 0x00007ff816cbd000 	C:\Program Files\Android\Android Studio\jbr\bin\msvcp140.dll
0x00007fffc6ac0000 - 0x00007fffc7743000 	C:\Program Files\Android\Android Studio\jbr\bin\server\jvm.dll
0x00007ff84b270000 - 0x00007ff84b321000 	C:\WINDOWS\System32\ADVAPI32.dll
0x00007ff84b830000 - 0x00007ff84b8d8000 	C:\WINDOWS\System32\sechost.dll
0x00007ff849680000 - 0x00007ff8496a8000 	C:\WINDOWS\System32\bcrypt.dll
0x00007ff84aa10000 - 0x00007ff84ab24000 	C:\WINDOWS\System32\RPCRT4.dll
0x00007ff84b120000 - 0x00007ff84b191000 	C:\WINDOWS\System32\WS2_32.dll
0x00007ff844a70000 - 0x00007ff844aa4000 	C:\WINDOWS\SYSTEM32\WINMM.dll
0x00007ff8413c0000 - 0x00007ff8413ca000 	C:\WINDOWS\SYSTEM32\VERSION.dll
0x00007ff8482e0000 - 0x00007ff84832d000 	C:\WINDOWS\SYSTEM32\POWRPROF.dll
0x00007ff8482c0000 - 0x00007ff8482d3000 	C:\WINDOWS\SYSTEM32\UMPDC.dll
0x00007ff848580000 - 0x00007ff848598000 	C:\WINDOWS\SYSTEM32\kernel.appcore.dll
0x00007ffff5320000 - 0x00007ffff532a000 	C:\Program Files\Android\Android Studio\jbr\bin\jimage.dll
0x00007ff846d80000 - 0x00007ff846fb2000 	C:\WINDOWS\SYSTEM32\DBGHELP.DLL
0x00007ff84a550000 - 0x00007ff84a8e2000 	C:\WINDOWS\System32\combase.dll
0x00007ff84abf0000 - 0x00007ff84acc7000 	C:\WINDOWS\System32\OLEAUT32.dll
0x00007ff83b880000 - 0x00007ff83b8b2000 	C:\WINDOWS\SYSTEM32\dbgcore.DLL
0x00007ff849d90000 - 0x00007ff849e0b000 	C:\WINDOWS\System32\bcryptPrimitives.dll
0x00007fffd2340000 - 0x00007fffd2360000 	C:\Program Files\Android\Android Studio\jbr\bin\java.dll

dbghelp: loaded successfully - version: 4.0.5 - missing functions: none
symbol engine: initialized successfully - sym options: 0x614 - pdb path: .;C:\Program Files\Android\Android Studio\jbr\bin;C:\WINDOWS\SYSTEM32;C:\WINDOWS\WinSxS\amd64_microsoft.windows.common-controls_6595b64144ccf1df_6.0.22621.5124_none_270e8f4f7386d69d;C:\Program Files\Android\Android Studio\jbr\bin\server

VM Arguments:
jvm_args: -Djava.awt.headless=true -Djava.util.logging.config.file=C:\Users\Asus\.android\utp\logging5792979022761491877properties -Dfile.encoding=UTF-8 
java_command: com.google.testing.platform.launcher.Launcher C:\Users\Asus\.gradle\caches\modules-2\files-2.1\com.google.testing.platform\core\0.0.9-alpha02\8d72767495b76dfdfe1a4f02bab67cb035da816d\core-0.0.9-alpha02.jar --proto_config=C:\Users\Asus\.android\utp\runnerConfig17346196878901949782.pb --proto_server_config=C:\Users\Asus\.android\utp\serverConfig2706115108225309486.pb
java_class_path (initial): C:\Users\Asus\.gradle\caches\modules-2\files-2.1\com.google.testing.platform\launcher\0.0.9-alpha02\f43549bd43bd4df370cfa9bcf93793e7b9cb217\launcher-0.0.9-alpha02.jar
Launcher Type: SUN_STANDARD

[Global flags]
     intx CICompilerCount                          = 4                                         {product} {ergonomic}
     uint ConcGCThreads                            = 2                                         {product} {ergonomic}
     uint G1ConcRefinementThreads                  = 8                                         {product} {ergonomic}
   size_t G1HeapRegionSize                         = 4194304                                   {product} {ergonomic}
    uintx GCDrainStackTargetSize                   = 64                                        {product} {ergonomic}
   size_t InitialHeapSize                          = 398458880                                 {product} {ergonomic}
   size_t MarkStackSize                            = 4194304                                   {product} {ergonomic}
   size_t MaxHeapSize                              = 6362759168                                {product} {ergonomic}
   size_t MinHeapDeltaBytes                        = 4194304                                   {product} {ergonomic}
   size_t MinHeapSize                              = 8388608                                   {product} {ergonomic}
    uintx NonNMethodCodeHeapSize                   = 5839372                                {pd product} {ergonomic}
    uintx NonProfiledCodeHeapSize                  = 122909434                              {pd product} {ergonomic}
    uintx ProfiledCodeHeapSize                     = 122909434                              {pd product} {ergonomic}
    uintx ReservedCodeCacheSize                    = 251658240                              {pd product} {ergonomic}
     bool SegmentedCodeCache                       = true                                      {product} {ergonomic}
   size_t SoftMaxHeapSize                          = 6362759168                             {manageable} {ergonomic}
     bool UseCompressedOops                        = true                           {product lp64_product} {ergonomic}
     bool UseG1GC                                  = true                                      {product} {ergonomic}
     bool UseLargePagesIndividualAllocation        = false                                  {pd product} {ergonomic}

Logging:
Log output configuration:
 #0: stdout all=warning uptime,level,tags foldmultilines=false
 #1: stderr all=off uptime,level,tags foldmultilines=false

Environment Variables:
JAVA_HOME=C:\Program Files\Java\jdk-20
PATH=C:\Program Files\Common Files\Oracle\Java\javapath;C:\Windows\system32;C:\Windows;C:\Windows\System32\Wbem;C:\Windows\System32\WindowsPowerShell\v1.0\;C:\Windows\System32\OpenSSH\;C:\Program Files (x86)\NVIDIA Corporation\PhysX\Common;C:\Program Files\NVIDIA Corporation\NVIDIA NvDLISR;C:\Program Files\MinGW\MinGW\bin;C:\Program Files\C\MinGW\bin;C:\WINDOWS\system32;C:\WINDOWS;C:\WINDOWS\System32\Wbem;C:\WINDOWS\System32\WindowsPowerShell\v1.0\;C:\WINDOWS\System32\OpenSSH\;C:\Program Files\Git\cmd;C:\Program Files\Java\jdk-20\bin;C:\Program Files (x86)\Microsoft SQL Server\160\DTS\Binn\;C:\Program Files\Azure Data Studio\bin;C:\Program Files\Microsoft SQL Server\Client SDK\ODBC\170\Tools\Binn\;C:\Program Files (x86)\Microsoft SQL Server\150\Tools\Binn\;C:\Program Files\Microsoft SQL Server\150\Tools\Binn\;C:\Program Files\Microsoft SQL Server\150\DTS\Binn\;C:\Program Files (x86)\Microsoft SQL Server\160\Tools\Binn\;C:\Program Files\Microsoft SQL Server\160\Tools\Binn\;C:\Program Files\Microsoft SQL Server\160\DTS\Binn\;C:\Users\Asus\Downloads\node-v20.17.0-win-x64\node-v20.17.0-win-x64;C:\tools\php-8.3.13-Win32-vs16-x64;C:\ProgramData\ComposerSetup\bin;C:\tools\mariadb-11.4.3-winx64\bin;C:\Program Files\Android\Android Studio\plugins\Kotlin\kotlinc\bin;;C:\Program Files\Docker\Docker\resources\bin;C:\Users\Asus\AppData\Local\Programs\Python\Python312\Scripts\;C:\Users\Asus\AppData\Local\Programs\Python\Python312\;C:\Users\Asus\AppData\Local\Programs\Python\Launcher\;C:\Users\Asus\AppData\Local\Microsoft\WindowsApps;C:\Program Files\MinGW\MinGW\bin;C:\Users\Asus\AppData\Local\Programs\Microsoft VS Code\bin;C:\Program Files\Azure Data Studio\bin;C:\Users\Asus\AppData\Local\GitHubDesktop\bin;C:\Users\Asus\AppData\Roaming\Composer\vendor\bin;C:\Program Files\JetBrains\IntelliJ IDEA Community Edition 2024.2.4\bin;
USERNAME=Asus
OS=Windows_NT
PROCESSOR_IDENTIFIER=Intel64 Family 6 Model 140 Stepping 1, GenuineIntel
TMP=C:\Users\Asus\AppData\Local\Temp
TEMP=C:\Users\Asus\AppData\Local\Temp




Periodic native trim disabled

JNI global refs:
JNI global refs: 0, weak refs: 0

JNI global refs memory usage: 0, weak refs: 0

Process memory usage:
Resident Set Size: 11796K (0% of 24852740K total physical memory with 4217296K free physical memory)

OOME stack traces (most recent first):
Classloader memory used:

---------------  S Y S T E M  ---------------

OS:
 Windows 11 , 64 bit Build 22621 (10.0.22621.5124)
OS uptime: 0 days 3:17 hours
Hyper-V role detected

CPU: total 8 (initial active 8) (4 cores per cpu, 2 threads per core) family 6 model 140 stepping 1 microcode 0x86, cx8, cmov, fxsr, ht, mmx, 3dnowpref, sse, sse2, sse3, ssse3, sse4.1, sse4.2, popcnt, lzcnt, tsc, tscinvbit, avx, avx2, aes, erms, clmul, bmi1, bmi2, adx, avx512f, avx512dq, avx512cd, avx512bw, avx512vl, sha, fma, vzeroupper, avx512_vpopcntdq, avx512_vpclmulqdq, avx512_vaes, avx512_vnni, clflush, clflushopt, clwb, avx512_vbmi2, avx512_vbmi, hv, rdtscp, rdpid, fsrm, gfni, avx512_bitalg, f16c, cet_ibt, cet_ss, avx512_ifma
Processor Information for all 8 processors :
  Max Mhz: 2419, Current Mhz: 2419, Mhz Limit: 2419

Memory: 4k page, system-wide physical 24270M (4118M free)
TotalPageFile size 24270M (AvailPageFile size 355M)
current process WorkingSet (physical memory assigned to process): 11M, peak: 11M
current process commit charge ("private bytes"): 60M, peak: 440M

vm_info: OpenJDK 64-Bit Server VM (21.0.4+-12508038-b607.1) for windows-amd64 JRE (21.0.4+-12508038-b607.1), built on 2024-10-16T17:23:34Z by "builder" with MS VC++ 16.10 / 16.11 (VS2019)

END.
